TpTrace Verbose: 0 : 10488, 1, 2024/04/15, 10:14:15.220, 1928772384, vstest.console.dll, Version: 17.9.0-release-23627-01 Current process architecture: X64
TpTrace Verbose: 0 : 10488, 1, 2024/04/15, 10:14:15.223, 1928797031, vstest.console.dll, Runtime location: C:\Program Files\dotnet\shared\Microsoft.NETCore.App\8.0.2
TpTrace Verbose: 0 : 10488, 1, 2024/04/15, 10:14:15.226, 1928827335, vstest.console.dll, ArtifactProcessingPostProcessModeProcessorExecutor.Initialize: ArtifactProcessingMode.Collect
TpTrace Verbose: 0 : 10488, 1, 2024/04/15, 10:14:15.226, 1928828022, vstest.console.dll, TestSessionCorrelationIdProcessorModeProcessorExecutor.Initialize: TestSessionCorrelationId '14320_1f73f099-f00f-436d-88ab-d3d56cc8b1ee'
TpTrace Information: 0 : 10488, 1, 2024/04/15, 10:14:15.231, 1928881842, vstest.console.dll, FilePatternParser: The given file D:\Faculty Materials\Second Year\Second Semester\SE\NamespaceGPT\NamespaceGPT\NamespaceGPT.Tests\bin\Debug\net8.0\fine-code-coverage\build-output\NamespaceGPT.Tests.dll is a full path.
TpTrace Verbose: 0 : 10488, 1, 2024/04/15, 10:14:15.238, 1928952161, vstest.console.dll, TestPluginCache.DiscoverTestExtensions: finding test extensions in assemblies ends with: RuntimeProvider.dll TPluginInfo: Microsoft.VisualStudio.TestPlatform.Common.ExtensionFramework.Utilities.TestRuntimePluginInformation TExtension: Microsoft.VisualStudio.TestPlatform.ObjectModel.Host.ITestRuntimeProvider
TpTrace Verbose: 0 : 10488, 1, 2024/04/15, 10:14:15.238, 1928954490, vstest.console.dll, TestPluginCache.GetExtensionPaths: Filtered extension paths: 
TpTrace Verbose: 0 : 10488, 1, 2024/04/15, 10:14:15.239, 1928955050, vstest.console.dll, TestPluginCache.GetExtensionPaths: Added default extension paths: C:\Program Files\dotnet\sdk\8.0.201\Extensions\Microsoft.Diagnostics.NETCore.Client.dll
C:\Program Files\dotnet\sdk\8.0.201\Extensions\Microsoft.TestPlatform.Extensions.BlameDataCollector.dll
C:\Program Files\dotnet\sdk\8.0.201\Extensions\Microsoft.TestPlatform.Extensions.EventLogCollector.dll
C:\Program Files\dotnet\sdk\8.0.201\Extensions\Microsoft.TestPlatform.TestHostRuntimeProvider.dll
C:\Program Files\dotnet\sdk\8.0.201\Extensions\Microsoft.VisualStudio.TestPlatform.Extensions.Html.TestLogger.dll
C:\Program Files\dotnet\sdk\8.0.201\Extensions\Microsoft.VisualStudio.TestPlatform.Extensions.Trx.TestLogger.dll
TpTrace Verbose: 0 : 10488, 1, 2024/04/15, 10:14:15.239, 1928955251, vstest.console.dll, TestPluginCache.GetExtensionPaths: Added unfilterableExtensionPaths: 
TpTrace Information: 0 : 10488, 1, 2024/04/15, 10:14:15.239, 1928961342, vstest.console.dll, AssemblyResolver.ctor: Creating AssemblyResolver with searchDirectories C:\Program Files\dotnet\sdk\8.0.201\Extensions,C:\Program Files\dotnet\sdk\8.0.201
TpTrace Verbose: 0 : 10488, 1, 2024/04/15, 10:14:15.240, 1928969074, vstest.console.dll, TestPluginCache.DiscoverTestExtensions: Discovering the extensions using extension path.
TpTrace Verbose: 0 : 10488, 1, 2024/04/15, 10:14:15.240, 1928969799, vstest.console.dll, TestPluginCache.GetExtensionPaths: Filtered extension paths: 
TpTrace Verbose: 0 : 10488, 1, 2024/04/15, 10:14:15.240, 1928970020, vstest.console.dll, TestPluginCache.GetExtensionPaths: Added default extension paths: C:\Program Files\dotnet\sdk\8.0.201\Extensions\Microsoft.Diagnostics.NETCore.Client.dll
C:\Program Files\dotnet\sdk\8.0.201\Extensions\Microsoft.TestPlatform.Extensions.BlameDataCollector.dll
C:\Program Files\dotnet\sdk\8.0.201\Extensions\Microsoft.TestPlatform.Extensions.EventLogCollector.dll
C:\Program Files\dotnet\sdk\8.0.201\Extensions\Microsoft.TestPlatform.TestHostRuntimeProvider.dll
C:\Program Files\dotnet\sdk\8.0.201\Extensions\Microsoft.VisualStudio.TestPlatform.Extensions.Html.TestLogger.dll
C:\Program Files\dotnet\sdk\8.0.201\Extensions\Microsoft.VisualStudio.TestPlatform.Extensions.Trx.TestLogger.dll
TpTrace Verbose: 0 : 10488, 1, 2024/04/15, 10:14:15.240, 1928970215, vstest.console.dll, TestPluginCache.GetExtensionPaths: Added unfilterableExtensionPaths: 
TpTrace Verbose: 0 : 10488, 1, 2024/04/15, 10:14:15.240, 1928970553, vstest.console.dll, TestPluginCache.DiscoverTestExtensions: Discovering the extensions using allExtensionPaths: C:\Program Files\dotnet\sdk\8.0.201\Extensions\Microsoft.Diagnostics.NETCore.Client.dll
C:\Program Files\dotnet\sdk\8.0.201\Extensions\Microsoft.TestPlatform.Extensions.BlameDataCollector.dll
C:\Program Files\dotnet\sdk\8.0.201\Extensions\Microsoft.TestPlatform.Extensions.EventLogCollector.dll
C:\Program Files\dotnet\sdk\8.0.201\Extensions\Microsoft.TestPlatform.TestHostRuntimeProvider.dll
C:\Program Files\dotnet\sdk\8.0.201\Extensions\Microsoft.VisualStudio.TestPlatform.Extensions.Html.TestLogger.dll
C:\Program Files\dotnet\sdk\8.0.201\Extensions\Microsoft.VisualStudio.TestPlatform.Extensions.Trx.TestLogger.dll
TpTrace Information: 0 : 10488, 1, 2024/04/15, 10:14:15.240, 1928971541, vstest.console.dll, AssemblyResolver.AddSearchDirectories: Adding more searchDirectories C:\Program Files\dotnet\sdk\8.0.201\Extensions,C:\Program Files\dotnet\sdk\8.0.201
TpTrace Information: 0 : 10488, 1, 2024/04/15, 10:14:15.240, 1928971927, vstest.console.dll, AssemblyResolver.AddSearchDirectories: Adding more searchDirectories C:\Program Files\dotnet\sdk\8.0.201\Extensions,C:\Program Files\dotnet\sdk\8.0.201
TpTrace Information: 0 : 10488, 1, 2024/04/15, 10:14:15.240, 1928972141, vstest.console.dll, AssemblyResolver.AddSearchDirectories: Adding more searchDirectories C:\Program Files\dotnet\sdk\8.0.201\Extensions,C:\Program Files\dotnet\sdk\8.0.201
TpTrace Information: 0 : 10488, 1, 2024/04/15, 10:14:15.240, 1928972301, vstest.console.dll, AssemblyResolver.AddSearchDirectories: Adding more searchDirectories C:\Program Files\dotnet\sdk\8.0.201\Extensions,C:\Program Files\dotnet\sdk\8.0.201
TpTrace Information: 0 : 10488, 1, 2024/04/15, 10:14:15.240, 1928972448, vstest.console.dll, AssemblyResolver.AddSearchDirectories: Adding more searchDirectories C:\Program Files\dotnet\sdk\8.0.201\Extensions,C:\Program Files\dotnet\sdk\8.0.201
TpTrace Information: 0 : 10488, 1, 2024/04/15, 10:14:15.240, 1928972589, vstest.console.dll, AssemblyResolver.AddSearchDirectories: Adding more searchDirectories C:\Program Files\dotnet\sdk\8.0.201\Extensions,C:\Program Files\dotnet\sdk\8.0.201
TpTrace Information: 0 : 10488, 1, 2024/04/15, 10:14:15.241, 1928975841, vstest.console.dll, AssemblyResolver.OnResolve: Microsoft.Diagnostics.NETCore.Client: Resolving assembly.
TpTrace Information: 0 : 10488, 1, 2024/04/15, 10:14:15.241, 1928976339, vstest.console.dll, AssemblyResolver.OnResolve: Microsoft.Diagnostics.NETCore.Client: Searching in: 'C:\Program Files\dotnet\sdk\8.0.201\Extensions'.
TpTrace Information: 0 : 10488, 1, 2024/04/15, 10:14:15.246, 1929025531, vstest.console.dll, AssemblyResolver.OnResolve: Microsoft.Diagnostics.NETCore.Client: Loading assembly 'C:\Program Files\dotnet\sdk\8.0.201\Extensions\Microsoft.Diagnostics.NETCore.Client.dll'.
TpTrace Information: 0 : 10488, 1, 2024/04/15, 10:14:15.247, 1929039294, vstest.console.dll, AssemblyResolver.OnResolve: Resolved assembly: Microsoft.Diagnostics.NETCore.Client, from path: C:\Program Files\dotnet\sdk\8.0.201\Extensions\Microsoft.Diagnostics.NETCore.Client.dll
TpTrace Verbose: 0 : 10488, 1, 2024/04/15, 10:14:15.250, 1929069141, vstest.console.dll, MetadataReaderExtensionsHelper: Discovering extensions inside assembly 'Microsoft.Diagnostics.NETCore.Client, Version=0.2.9.2401, Culture=neutral, PublicKeyToken=31bf3856ad364e35' file path 'C:\Program Files\dotnet\sdk\8.0.201\Extensions\Microsoft.Diagnostics.NETCore.Client.dll'
TpTrace Information: 0 : 10488, 1, 2024/04/15, 10:14:15.252, 1929091805, vstest.console.dll, AssemblyResolver.OnResolve: Microsoft.Bcl.AsyncInterfaces: Resolving assembly.
TpTrace Information: 0 : 10488, 1, 2024/04/15, 10:14:15.252, 1929092177, vstest.console.dll, AssemblyResolver.OnResolve: Microsoft.Bcl.AsyncInterfaces: Searching in: 'C:\Program Files\dotnet\sdk\8.0.201\Extensions'.
TpTrace Information: 0 : 10488, 1, 2024/04/15, 10:14:15.252, 1929092666, vstest.console.dll, AssemblyResolver.OnResolve: Microsoft.Bcl.AsyncInterfaces: Assembly path does not exist: 'C:\Program Files\dotnet\sdk\8.0.201\Extensions\Microsoft.Bcl.AsyncInterfaces.dll', returning.
TpTrace Information: 0 : 10488, 1, 2024/04/15, 10:14:15.252, 1929093575, vstest.console.dll, AssemblyResolver.OnResolve: Microsoft.Bcl.AsyncInterfaces: Assembly path does not exist: 'C:\Program Files\dotnet\sdk\8.0.201\Extensions\Microsoft.Bcl.AsyncInterfaces.exe', returning.
TpTrace Information: 0 : 10488, 1, 2024/04/15, 10:14:15.252, 1929093827, vstest.console.dll, AssemblyResolver.OnResolve: Microsoft.Bcl.AsyncInterfaces: Searching in: 'C:\Program Files\dotnet\sdk\8.0.201'.
TpTrace Information: 0 : 10488, 1, 2024/04/15, 10:14:15.252, 1929094260, vstest.console.dll, AssemblyResolver.OnResolve: Microsoft.Bcl.AsyncInterfaces: Assembly path does not exist: 'C:\Program Files\dotnet\sdk\8.0.201\Microsoft.Bcl.AsyncInterfaces.dll', returning.
TpTrace Information: 0 : 10488, 1, 2024/04/15, 10:14:15.253, 1929094641, vstest.console.dll, AssemblyResolver.OnResolve: Microsoft.Bcl.AsyncInterfaces: Assembly path does not exist: 'C:\Program Files\dotnet\sdk\8.0.201\Microsoft.Bcl.AsyncInterfaces.exe', returning.
TpTrace Information: 0 : 10488, 1, 2024/04/15, 10:14:15.253, 1929094807, vstest.console.dll, AssemblyResolver.OnResolve: Microsoft.Bcl.AsyncInterfaces: Failed to load assembly.
TpTrace Verbose: 0 : 10488, 1, 2024/04/15, 10:14:15.253, 1929094984, vstest.console.dll, CurrentDomainAssemblyResolve: Resolving assembly 'Microsoft.Bcl.AsyncInterfaces'.
TpTrace Information: 0 : 10488, 1, 2024/04/15, 10:14:15.253, 1929095298, vstest.console.dll, AssemblyResolver.OnResolve: Microsoft.Bcl.AsyncInterfaces: Resolving assembly.
TpTrace Information: 0 : 10488, 1, 2024/04/15, 10:14:15.253, 1929095543, vstest.console.dll, AssemblyResolver.OnResolve: Microsoft.Bcl.AsyncInterfaces: Resolved from cache.
TpTrace Verbose: 0 : 10488, 1, 2024/04/15, 10:14:15.253, 1929095684, vstest.console.dll, CurrentDomainAssemblyResolve: Resolving assembly 'Microsoft.Bcl.AsyncInterfaces'.
TpTrace Verbose: 0 : 10488, 1, 2024/04/15, 10:14:15.253, 1929095854, vstest.console.dll, CurrentDomainAssemblyResolve: Failed to resolve assembly 'Microsoft.Bcl.AsyncInterfaces'.
TpTrace Verbose: 0 : 10488, 1, 2024/04/15, 10:14:15.256, 1929125116, vstest.console.dll, CurrentDomainAssemblyResolve: Failed to resolve assembly 'Microsoft.Bcl.AsyncInterfaces'.
TpTrace Warning: 0 : 10488, 1, 2024/04/15, 10:14:15.266, 1929225723, vstest.console.dll, TestPluginDiscoverer: Failed to get types from assembly 'Microsoft.Diagnostics.NETCore.Client, Version=0.2.9.2401, Culture=neutral, PublicKeyToken=31bf3856ad364e35'. Error: System.Reflection.ReflectionTypeLoadException: Unable to load one or more of the requested types.
Could not load file or assembly 'Microsoft.Bcl.AsyncInterfaces, Version=6.0.0.0, Culture=neutral, PublicKeyToken=cc7b13ffcd2ddd51'. The system cannot find the file specified.
   at System.Reflection.RuntimeModule.GetTypes(RuntimeModule module)
   at System.Reflection.RuntimeModule.GetTypes()
   at Microsoft.VisualStudio.TestPlatform.Common.ExtensionFramework.TestPluginDiscoverer.GetTestExtensionsFromAssembly[TPluginInfo,TExtension](Assembly assembly, Dictionary`2 pluginInfos, String filePath) in /_/src/Microsoft.TestPlatform.Common/ExtensionFramework/TestPluginDiscoverer.cs:line 158
System.IO.FileNotFoundException: Could not load file or assembly 'Microsoft.Bcl.AsyncInterfaces, Version=6.0.0.0, Culture=neutral, PublicKeyToken=cc7b13ffcd2ddd51'. The system cannot find the file specified.
File name: 'Microsoft.Bcl.AsyncInterfaces, Version=6.0.0.0, Culture=neutral, PublicKeyToken=cc7b13ffcd2ddd51'
 ---> System.IO.FileNotFoundException: Could not load file or assembly 'Microsoft.Bcl.AsyncInterfaces, Culture=neutral, PublicKeyToken=null'. The system cannot find the file specified.
File name: 'Microsoft.Bcl.AsyncInterfaces, Culture=neutral, PublicKeyToken=null'
   at System.Reflection.RuntimeAssembly.InternalLoad(AssemblyName assemblyName, StackCrawlMark& stackMark, AssemblyLoadContext assemblyLoadContext, RuntimeAssembly requestingAssembly, Boolean throwOnFileNotFound)
   at System.Reflection.Assembly.Load(AssemblyName assemblyRef)
   at Microsoft.VisualStudio.TestPlatform.Common.ExtensionFramework.TestPluginCache.CurrentDomainAssemblyResolve(Object sender, AssemblyResolveEventArgs args) in /_/src/Microsoft.TestPlatform.Common/ExtensionFramework/TestPluginCache.cs:line 513
   at System.Runtime.Loader.AssemblyLoadContext.GetFirstResolvedAssemblyFromResolvingEvent(AssemblyName assemblyName)
   at System.Runtime.Loader.AssemblyLoadContext.ResolveUsingEvent(AssemblyName assemblyName)
   at System.Runtime.Loader.AssemblyLoadContext.ResolveUsingResolvingEvent(IntPtr gchManagedAssemblyLoadContext, AssemblyName assemblyName)
TpTrace Warning: 0 : 10488, 1, 2024/04/15, 10:14:15.266, 1929227860, vstest.console.dll, LoaderExceptions: System.IO.FileNotFoundException: Could not load file or assembly 'Microsoft.Bcl.AsyncInterfaces, Version=6.0.0.0, Culture=neutral, PublicKeyToken=cc7b13ffcd2ddd51'. The system cannot find the file specified.
File name: 'Microsoft.Bcl.AsyncInterfaces, Version=6.0.0.0, Culture=neutral, PublicKeyToken=cc7b13ffcd2ddd51'
 ---> System.IO.FileNotFoundException: Could not load file or assembly 'Microsoft.Bcl.AsyncInterfaces, Culture=neutral, PublicKeyToken=null'. The system cannot find the file specified.
File name: 'Microsoft.Bcl.AsyncInterfaces, Culture=neutral, PublicKeyToken=null'
   at System.Reflection.RuntimeAssembly.InternalLoad(AssemblyName assemblyName, StackCrawlMark& stackMark, AssemblyLoadContext assemblyLoadContext, RuntimeAssembly requestingAssembly, Boolean throwOnFileNotFound)
   at System.Reflection.Assembly.Load(AssemblyName assemblyRef)
   at Microsoft.VisualStudio.TestPlatform.Common.ExtensionFramework.TestPluginCache.CurrentDomainAssemblyResolve(Object sender, AssemblyResolveEventArgs args) in /_/src/Microsoft.TestPlatform.Common/ExtensionFramework/TestPluginCache.cs:line 513
   at System.Runtime.Loader.AssemblyLoadContext.GetFirstResolvedAssemblyFromResolvingEvent(AssemblyName assemblyName)
   at System.Runtime.Loader.AssemblyLoadContext.ResolveUsingEvent(AssemblyName assemblyName)
   at System.Runtime.Loader.AssemblyLoadContext.ResolveUsingResolvingEvent(IntPtr gchManagedAssemblyLoadContext, AssemblyName assemblyName)
TpTrace Information: 0 : 10488, 1, 2024/04/15, 10:14:15.266, 1929228838, vstest.console.dll, AssemblyResolver.OnResolve: Microsoft.TestPlatform.Extensions.BlameDataCollector: Resolving assembly.
TpTrace Information: 0 : 10488, 1, 2024/04/15, 10:14:15.266, 1929229093, vstest.console.dll, AssemblyResolver.OnResolve: Microsoft.TestPlatform.Extensions.BlameDataCollector: Searching in: 'C:\Program Files\dotnet\sdk\8.0.201\Extensions'.
TpTrace Information: 0 : 10488, 1, 2024/04/15, 10:14:15.267, 1929235429, vstest.console.dll, AssemblyResolver.OnResolve: Microsoft.TestPlatform.Extensions.BlameDataCollector: Loading assembly 'C:\Program Files\dotnet\sdk\8.0.201\Extensions\Microsoft.TestPlatform.Extensions.BlameDataCollector.dll'.
TpTrace Information: 0 : 10488, 1, 2024/04/15, 10:14:15.267, 1929243840, vstest.console.dll, AssemblyResolver.OnResolve: Resolved assembly: Microsoft.TestPlatform.Extensions.BlameDataCollector, from path: C:\Program Files\dotnet\sdk\8.0.201\Extensions\Microsoft.TestPlatform.Extensions.BlameDataCollector.dll
TpTrace Verbose: 0 : 10488, 1, 2024/04/15, 10:14:15.267, 1929244340, vstest.console.dll, MetadataReaderExtensionsHelper: Discovering extensions inside assembly 'Microsoft.TestPlatform.Extensions.BlameDataCollector, Version=15.0.0.0, Culture=neutral, PublicKeyToken=b03f5f7f11d50a3a' file path 'C:\Program Files\dotnet\sdk\8.0.201\Extensions\Microsoft.TestPlatform.Extensions.BlameDataCollector.dll'
TpTrace Information: 0 : 10488, 1, 2024/04/15, 10:14:15.269, 1929257789, vstest.console.dll, AssemblyResolver.OnResolve: Microsoft.TestPlatform.Extensions.EventLogCollector: Resolving assembly.
TpTrace Information: 0 : 10488, 1, 2024/04/15, 10:14:15.269, 1929258178, vstest.console.dll, AssemblyResolver.OnResolve: Microsoft.TestPlatform.Extensions.EventLogCollector: Searching in: 'C:\Program Files\dotnet\sdk\8.0.201\Extensions'.
TpTrace Information: 0 : 10488, 1, 2024/04/15, 10:14:15.269, 1929263925, vstest.console.dll, AssemblyResolver.OnResolve: Microsoft.TestPlatform.Extensions.EventLogCollector: Loading assembly 'C:\Program Files\dotnet\sdk\8.0.201\Extensions\Microsoft.TestPlatform.Extensions.EventLogCollector.dll'.
TpTrace Information: 0 : 10488, 1, 2024/04/15, 10:14:15.270, 1929266859, vstest.console.dll, AssemblyResolver.OnResolve: Resolved assembly: Microsoft.TestPlatform.Extensions.EventLogCollector, from path: C:\Program Files\dotnet\sdk\8.0.201\Extensions\Microsoft.TestPlatform.Extensions.EventLogCollector.dll
TpTrace Verbose: 0 : 10488, 1, 2024/04/15, 10:14:15.270, 1929267277, vstest.console.dll, MetadataReaderExtensionsHelper: Discovering extensions inside assembly 'Microsoft.TestPlatform.Extensions.EventLogCollector, Version=15.0.0.0, Culture=neutral, PublicKeyToken=b03f5f7f11d50a3a' file path 'C:\Program Files\dotnet\sdk\8.0.201\Extensions\Microsoft.TestPlatform.Extensions.EventLogCollector.dll'
TpTrace Information: 0 : 10488, 1, 2024/04/15, 10:14:15.272, 1929287407, vstest.console.dll, AssemblyResolver.OnResolve: Microsoft.TestPlatform.TestHostRuntimeProvider: Resolving assembly.
TpTrace Information: 0 : 10488, 1, 2024/04/15, 10:14:15.272, 1929287785, vstest.console.dll, AssemblyResolver.OnResolve: Microsoft.TestPlatform.TestHostRuntimeProvider: Searching in: 'C:\Program Files\dotnet\sdk\8.0.201\Extensions'.
TpTrace Information: 0 : 10488, 1, 2024/04/15, 10:14:15.272, 1929292279, vstest.console.dll, AssemblyResolver.OnResolve: Microsoft.TestPlatform.TestHostRuntimeProvider: Loading assembly 'C:\Program Files\dotnet\sdk\8.0.201\Extensions\Microsoft.TestPlatform.TestHostRuntimeProvider.dll'.
TpTrace Information: 0 : 10488, 1, 2024/04/15, 10:14:15.273, 1929300595, vstest.console.dll, AssemblyResolver.OnResolve: Resolved assembly: Microsoft.TestPlatform.TestHostRuntimeProvider, from path: C:\Program Files\dotnet\sdk\8.0.201\Extensions\Microsoft.TestPlatform.TestHostRuntimeProvider.dll
TpTrace Verbose: 0 : 10488, 1, 2024/04/15, 10:14:15.273, 1929301072, vstest.console.dll, MetadataReaderExtensionsHelper: Discovering extensions inside assembly 'Microsoft.TestPlatform.TestHostRuntimeProvider, Version=15.0.0.0, Culture=neutral, PublicKeyToken=b03f5f7f11d50a3a' file path 'C:\Program Files\dotnet\sdk\8.0.201\Extensions\Microsoft.TestPlatform.TestHostRuntimeProvider.dll'
TpTrace Information: 0 : 10488, 1, 2024/04/15, 10:14:15.275, 1929315707, vstest.console.dll, GetTestExtensionFromType: Register extension with identifier data 'HostProvider://DefaultTestHost' and type 'Microsoft.VisualStudio.TestPlatform.CrossPlatEngine.Hosting.DefaultTestHostManager, Microsoft.TestPlatform.TestHostRuntimeProvider, Version=15.0.0.0, Culture=neutral, PublicKeyToken=b03f5f7f11d50a3a' inside file 'C:\Program Files\dotnet\sdk\8.0.201\Extensions\Microsoft.TestPlatform.TestHostRuntimeProvider.dll'
TpTrace Information: 0 : 10488, 1, 2024/04/15, 10:14:15.275, 1929317307, vstest.console.dll, GetTestExtensionFromType: Register extension with identifier data 'HostProvider://DotnetTestHost' and type 'Microsoft.VisualStudio.TestPlatform.CrossPlatEngine.Hosting.DotnetTestHostManager, Microsoft.TestPlatform.TestHostRuntimeProvider, Version=15.0.0.0, Culture=neutral, PublicKeyToken=b03f5f7f11d50a3a' inside file 'C:\Program Files\dotnet\sdk\8.0.201\Extensions\Microsoft.TestPlatform.TestHostRuntimeProvider.dll'
TpTrace Information: 0 : 10488, 1, 2024/04/15, 10:14:15.275, 1929317854, vstest.console.dll, AssemblyResolver.OnResolve: Microsoft.VisualStudio.TestPlatform.Extensions.Html.TestLogger: Resolving assembly.
TpTrace Information: 0 : 10488, 1, 2024/04/15, 10:14:15.275, 1929318061, vstest.console.dll, AssemblyResolver.OnResolve: Microsoft.VisualStudio.TestPlatform.Extensions.Html.TestLogger: Searching in: 'C:\Program Files\dotnet\sdk\8.0.201\Extensions'.
TpTrace Information: 0 : 10488, 1, 2024/04/15, 10:14:15.275, 1929323005, vstest.console.dll, AssemblyResolver.OnResolve: Microsoft.VisualStudio.TestPlatform.Extensions.Html.TestLogger: Loading assembly 'C:\Program Files\dotnet\sdk\8.0.201\Extensions\Microsoft.VisualStudio.TestPlatform.Extensions.Html.TestLogger.dll'.
TpTrace Information: 0 : 10488, 1, 2024/04/15, 10:14:15.276, 1929328064, vstest.console.dll, AssemblyResolver.OnResolve: Resolved assembly: Microsoft.VisualStudio.TestPlatform.Extensions.Html.TestLogger, from path: C:\Program Files\dotnet\sdk\8.0.201\Extensions\Microsoft.VisualStudio.TestPlatform.Extensions.Html.TestLogger.dll
TpTrace Verbose: 0 : 10488, 1, 2024/04/15, 10:14:15.276, 1929328637, vstest.console.dll, MetadataReaderExtensionsHelper: Discovering extensions inside assembly 'Microsoft.VisualStudio.TestPlatform.Extensions.Html.TestLogger, Version=15.0.0.0, Culture=neutral, PublicKeyToken=b03f5f7f11d50a3a' file path 'C:\Program Files\dotnet\sdk\8.0.201\Extensions\Microsoft.VisualStudio.TestPlatform.Extensions.Html.TestLogger.dll'
TpTrace Information: 0 : 10488, 1, 2024/04/15, 10:14:15.277, 1929336296, vstest.console.dll, AssemblyResolver.OnResolve: Microsoft.VisualStudio.TestPlatform.Extensions.Trx.TestLogger: Resolving assembly.
TpTrace Information: 0 : 10488, 1, 2024/04/15, 10:14:15.277, 1929336693, vstest.console.dll, AssemblyResolver.OnResolve: Microsoft.VisualStudio.TestPlatform.Extensions.Trx.TestLogger: Searching in: 'C:\Program Files\dotnet\sdk\8.0.201\Extensions'.
TpTrace Information: 0 : 10488, 1, 2024/04/15, 10:14:15.278, 1929344927, vstest.console.dll, AssemblyResolver.OnResolve: Microsoft.VisualStudio.TestPlatform.Extensions.Trx.TestLogger: Loading assembly 'C:\Program Files\dotnet\sdk\8.0.201\Extensions\Microsoft.VisualStudio.TestPlatform.Extensions.Trx.TestLogger.dll'.
TpTrace Information: 0 : 10488, 1, 2024/04/15, 10:14:15.279, 1929355608, vstest.console.dll, AssemblyResolver.OnResolve: Resolved assembly: Microsoft.VisualStudio.TestPlatform.Extensions.Trx.TestLogger, from path: C:\Program Files\dotnet\sdk\8.0.201\Extensions\Microsoft.VisualStudio.TestPlatform.Extensions.Trx.TestLogger.dll
TpTrace Verbose: 0 : 10488, 1, 2024/04/15, 10:14:15.279, 1929356101, vstest.console.dll, MetadataReaderExtensionsHelper: Discovering extensions inside assembly 'Microsoft.VisualStudio.TestPlatform.Extensions.Trx.TestLogger, Version=15.0.0.0, Culture=neutral, PublicKeyToken=b03f5f7f11d50a3a' file path 'C:\Program Files\dotnet\sdk\8.0.201\Extensions\Microsoft.VisualStudio.TestPlatform.Extensions.Trx.TestLogger.dll'
TpTrace Verbose: 0 : 10488, 1, 2024/04/15, 10:14:15.280, 1929367331, vstest.console.dll, TestPluginCache: Discovered the extensions using extension path ''.
TpTrace Verbose: 0 : 10488, 1, 2024/04/15, 10:14:15.280, 1929367768, vstest.console.dll, TestPluginCache: Discoverers are ''.
TpTrace Verbose: 0 : 10488, 1, 2024/04/15, 10:14:15.280, 1929367922, vstest.console.dll, TestPluginCache: Executors are ''.
TpTrace Verbose: 0 : 10488, 1, 2024/04/15, 10:14:15.280, 1929368044, vstest.console.dll, TestPluginCache: Executors2 are ''.
TpTrace Verbose: 0 : 10488, 1, 2024/04/15, 10:14:15.280, 1929368222, vstest.console.dll, TestPluginCache: Setting providers are ''.
TpTrace Verbose: 0 : 10488, 1, 2024/04/15, 10:14:15.280, 1929368340, vstest.console.dll, TestPluginCache: Loggers are ''.
TpTrace Verbose: 0 : 10488, 1, 2024/04/15, 10:14:15.280, 1929369472, vstest.console.dll, TestPluginCache: TestHosts are 'HostProvider://DefaultTestHost,HostProvider://DotnetTestHost'.
TpTrace Verbose: 0 : 10488, 1, 2024/04/15, 10:14:15.280, 1929369760, vstest.console.dll, TestPluginCache: DataCollectors are ''.
TpTrace Information: 0 : 10488, 1, 2024/04/15, 10:14:15.296, 1929530418, vstest.console.dll, RunTestsArgumentProcessor:Execute: Test run is starting.
TpTrace Verbose: 0 : 10488, 1, 2024/04/15, 10:14:15.296, 1929531047, vstest.console.dll, RunTestsArgumentProcessor:Execute: Queuing Test run.
TpTrace Information: 0 : 10488, 1, 2024/04/15, 10:14:15.296, 1929532445, vstest.console.dll, TestRequestManager.RunTests: run tests started.
TpTrace Information: 0 : 10488, 1, 2024/04/15, 10:14:15.297, 1929540288, vstest.console.dll, AssemblyMetadataProvider.GetFrameworkName: Determined framework:'.NETCoreApp,Version=v8.0' for source: 'D:\Faculty Materials\Second Year\Second Semester\SE\NamespaceGPT\NamespaceGPT\NamespaceGPT.Tests\bin\Debug\net8.0\fine-code-coverage\build-output\NamespaceGPT.Tests.dll'
TpTrace Information: 0 : 10488, 1, 2024/04/15, 10:14:15.297, 1929541178, vstest.console.dll, Determined framework for all sources: .NETCoreApp,Version=v8.0
TpTrace Verbose: 0 : 10488, 1, 2024/04/15, 10:14:15.297, 1929543446, vstest.console.dll, TestRequestManager.UpdateRunSettingsIfRequired: Default architecture: X64 IsDefaultTargetArchitecture: True, Current process architecture: X64 OperatingSystem: Windows.
TpTrace Information: 0 : 10488, 1, 2024/04/15, 10:14:15.298, 1929552812, vstest.console.dll, AssemblyMetadataProvider.GetArchitecture: Determined architecture:AnyCPU info for assembly: D:\Faculty Materials\Second Year\Second Semester\SE\NamespaceGPT\NamespaceGPT\NamespaceGPT.Tests\bin\Debug\net8.0\fine-code-coverage\build-output\NamespaceGPT.Tests.dll
TpTrace Information: 0 : 10488, 1, 2024/04/15, 10:14:15.298, 1929553123, vstest.console.dll, Determined platform for source 'D:\Faculty Materials\Second Year\Second Semester\SE\NamespaceGPT\NamespaceGPT\NamespaceGPT.Tests\bin\Debug\net8.0\fine-code-coverage\build-output\NamespaceGPT.Tests.dll' was AnyCPU and it will use the default plaform X64.
TpTrace Information: 0 : 10488, 1, 2024/04/15, 10:14:15.298, 1929553382, vstest.console.dll, None of the sources provided any runnable platform, using the default platform: X64
TpTrace Information: 0 : 10488, 1, 2024/04/15, 10:14:15.298, 1929553866, vstest.console.dll, Platform was updated to 'X64'.
TpTrace Information: 0 : 10488, 1, 2024/04/15, 10:14:15.302, 1929584702, vstest.console.dll, InferRunSettingsHelper.IsTestSettingsEnabled: Unable to navigate to RunSettings/MSTest. Current node: RunSettings
TpTrace Information: 0 : 10488, 1, 2024/04/15, 10:14:15.302, 1929588370, vstest.console.dll, AssemblyResolver.OnResolve: Microsoft.VisualStudio.TestPlatform.Fakes: Resolving assembly.
TpTrace Information: 0 : 10488, 1, 2024/04/15, 10:14:15.302, 1929588755, vstest.console.dll, AssemblyResolver.OnResolve: Microsoft.VisualStudio.TestPlatform.Fakes: Searching in: 'C:\Program Files\dotnet\sdk\8.0.201\Extensions'.
TpTrace Information: 0 : 10488, 1, 2024/04/15, 10:14:15.302, 1929589385, vstest.console.dll, AssemblyResolver.OnResolve: Microsoft.VisualStudio.TestPlatform.Fakes: Assembly path does not exist: 'C:\Program Files\dotnet\sdk\8.0.201\Extensions\Microsoft.VisualStudio.TestPlatform.Fakes.dll', returning.
TpTrace Information: 0 : 10488, 1, 2024/04/15, 10:14:15.302, 1929589805, vstest.console.dll, AssemblyResolver.OnResolve: Microsoft.VisualStudio.TestPlatform.Fakes: Assembly path does not exist: 'C:\Program Files\dotnet\sdk\8.0.201\Extensions\Microsoft.VisualStudio.TestPlatform.Fakes.exe', returning.
TpTrace Information: 0 : 10488, 1, 2024/04/15, 10:14:15.302, 1929589990, vstest.console.dll, AssemblyResolver.OnResolve: Microsoft.VisualStudio.TestPlatform.Fakes: Searching in: 'C:\Program Files\dotnet\sdk\8.0.201'.
TpTrace Information: 0 : 10488, 1, 2024/04/15, 10:14:15.302, 1929590385, vstest.console.dll, AssemblyResolver.OnResolve: Microsoft.VisualStudio.TestPlatform.Fakes: Assembly path does not exist: 'C:\Program Files\dotnet\sdk\8.0.201\Microsoft.VisualStudio.TestPlatform.Fakes.dll', returning.
TpTrace Information: 0 : 10488, 1, 2024/04/15, 10:14:15.302, 1929590797, vstest.console.dll, AssemblyResolver.OnResolve: Microsoft.VisualStudio.TestPlatform.Fakes: Assembly path does not exist: 'C:\Program Files\dotnet\sdk\8.0.201\Microsoft.VisualStudio.TestPlatform.Fakes.exe', returning.
TpTrace Information: 0 : 10488, 1, 2024/04/15, 10:14:15.302, 1929590969, vstest.console.dll, AssemblyResolver.OnResolve: Microsoft.VisualStudio.TestPlatform.Fakes: Failed to load assembly.
TpTrace Information: 0 : 10488, 1, 2024/04/15, 10:14:15.302, 1929592658, vstest.console.dll, Failed to load assembly Microsoft.VisualStudio.TestPlatform.Fakes, Version=17.0.0.0, Culture=neutral. Reason:System.IO.FileNotFoundException: Could not load file or assembly 'Microsoft.VisualStudio.TestPlatform.Fakes, Version=17.0.0.0, Culture=neutral, PublicKeyToken=null'. The system cannot find the file specified.
File name: 'Microsoft.VisualStudio.TestPlatform.Fakes, Version=17.0.0.0, Culture=neutral, PublicKeyToken=null'
   at System.Reflection.RuntimeAssembly.InternalLoad(AssemblyName assemblyName, StackCrawlMark& stackMark, AssemblyLoadContext assemblyLoadContext, RuntimeAssembly requestingAssembly, Boolean throwOnFileNotFound)
   at System.Reflection.Assembly.Load(AssemblyName assemblyRef)
   at Microsoft.VisualStudio.TestPlatform.Common.Utilities.FakesUtilities.LoadTestPlatformAssembly() in /_/src/Microsoft.TestPlatform.Common/Utilities/FakesUtilities.cs:line 272
TpTrace Verbose: 0 : 10488, 1, 2024/04/15, 10:14:15.305, 1929616054, vstest.console.dll, TestPluginCache.DiscoverTestExtensions: finding test extensions in assemblies ends with: TestLogger.dll TPluginInfo: Microsoft.VisualStudio.TestPlatform.Common.ExtensionFramework.Utilities.TestLoggerPluginInformation TExtension: Microsoft.VisualStudio.TestPlatform.ObjectModel.Client.ITestLogger
TpTrace Verbose: 0 : 10488, 1, 2024/04/15, 10:14:15.305, 1929616634, vstest.console.dll, TestPluginCache.GetExtensionPaths: Filtered extension paths: 
TpTrace Verbose: 0 : 10488, 1, 2024/04/15, 10:14:15.305, 1929616835, vstest.console.dll, TestPluginCache.GetExtensionPaths: Added default extension paths: C:\Program Files\dotnet\sdk\8.0.201\Extensions\Microsoft.Diagnostics.NETCore.Client.dll
C:\Program Files\dotnet\sdk\8.0.201\Extensions\Microsoft.TestPlatform.Extensions.BlameDataCollector.dll
C:\Program Files\dotnet\sdk\8.0.201\Extensions\Microsoft.TestPlatform.Extensions.EventLogCollector.dll
C:\Program Files\dotnet\sdk\8.0.201\Extensions\Microsoft.TestPlatform.TestHostRuntimeProvider.dll
C:\Program Files\dotnet\sdk\8.0.201\Extensions\Microsoft.VisualStudio.TestPlatform.Extensions.Html.TestLogger.dll
C:\Program Files\dotnet\sdk\8.0.201\Extensions\Microsoft.VisualStudio.TestPlatform.Extensions.Trx.TestLogger.dll
TpTrace Verbose: 0 : 10488, 1, 2024/04/15, 10:14:15.305, 1929617010, vstest.console.dll, TestPluginCache.GetExtensionPaths: Added unfilterableExtensionPaths: 
TpTrace Information: 0 : 10488, 1, 2024/04/15, 10:14:15.305, 1929617775, vstest.console.dll, AssemblyResolver.AddSearchDirectories: Adding more searchDirectories C:\Program Files\dotnet\sdk\8.0.201\Extensions,C:\Program Files\dotnet\sdk\8.0.201
TpTrace Verbose: 0 : 10488, 1, 2024/04/15, 10:14:15.305, 1929618051, vstest.console.dll, TestPluginCache.DiscoverTestExtensions: Discovering the extensions using extension path.
TpTrace Verbose: 0 : 10488, 1, 2024/04/15, 10:14:15.305, 1929618235, vstest.console.dll, TestPluginCache.GetExtensionPaths: Filtered extension paths: 
TpTrace Verbose: 0 : 10488, 1, 2024/04/15, 10:14:15.305, 1929618406, vstest.console.dll, TestPluginCache.GetExtensionPaths: Added default extension paths: C:\Program Files\dotnet\sdk\8.0.201\Extensions\Microsoft.Diagnostics.NETCore.Client.dll
C:\Program Files\dotnet\sdk\8.0.201\Extensions\Microsoft.TestPlatform.Extensions.BlameDataCollector.dll
C:\Program Files\dotnet\sdk\8.0.201\Extensions\Microsoft.TestPlatform.Extensions.EventLogCollector.dll
C:\Program Files\dotnet\sdk\8.0.201\Extensions\Microsoft.TestPlatform.TestHostRuntimeProvider.dll
C:\Program Files\dotnet\sdk\8.0.201\Extensions\Microsoft.VisualStudio.TestPlatform.Extensions.Html.TestLogger.dll
C:\Program Files\dotnet\sdk\8.0.201\Extensions\Microsoft.VisualStudio.TestPlatform.Extensions.Trx.TestLogger.dll
TpTrace Verbose: 0 : 10488, 1, 2024/04/15, 10:14:15.305, 1929618552, vstest.console.dll, TestPluginCache.GetExtensionPaths: Added unfilterableExtensionPaths: 
TpTrace Verbose: 0 : 10488, 1, 2024/04/15, 10:14:15.305, 1929618714, vstest.console.dll, TestPluginCache.DiscoverTestExtensions: Discovering the extensions using allExtensionPaths: C:\Program Files\dotnet\sdk\8.0.201\Extensions\Microsoft.Diagnostics.NETCore.Client.dll
C:\Program Files\dotnet\sdk\8.0.201\Extensions\Microsoft.TestPlatform.Extensions.BlameDataCollector.dll
C:\Program Files\dotnet\sdk\8.0.201\Extensions\Microsoft.TestPlatform.Extensions.EventLogCollector.dll
C:\Program Files\dotnet\sdk\8.0.201\Extensions\Microsoft.TestPlatform.TestHostRuntimeProvider.dll
C:\Program Files\dotnet\sdk\8.0.201\Extensions\Microsoft.VisualStudio.TestPlatform.Extensions.Html.TestLogger.dll
C:\Program Files\dotnet\sdk\8.0.201\Extensions\Microsoft.VisualStudio.TestPlatform.Extensions.Trx.TestLogger.dll
TpTrace Information: 0 : 10488, 1, 2024/04/15, 10:14:15.305, 1929619326, vstest.console.dll, AssemblyResolver.AddSearchDirectories: Adding more searchDirectories C:\Program Files\dotnet\sdk\8.0.201\Extensions,C:\Program Files\dotnet\sdk\8.0.201
TpTrace Information: 0 : 10488, 1, 2024/04/15, 10:14:15.305, 1929619615, vstest.console.dll, AssemblyResolver.AddSearchDirectories: Adding more searchDirectories C:\Program Files\dotnet\sdk\8.0.201\Extensions,C:\Program Files\dotnet\sdk\8.0.201
TpTrace Information: 0 : 10488, 1, 2024/04/15, 10:14:15.305, 1929619779, vstest.console.dll, AssemblyResolver.AddSearchDirectories: Adding more searchDirectories C:\Program Files\dotnet\sdk\8.0.201\Extensions,C:\Program Files\dotnet\sdk\8.0.201
TpTrace Information: 0 : 10488, 1, 2024/04/15, 10:14:15.305, 1929619924, vstest.console.dll, AssemblyResolver.AddSearchDirectories: Adding more searchDirectories C:\Program Files\dotnet\sdk\8.0.201\Extensions,C:\Program Files\dotnet\sdk\8.0.201
TpTrace Information: 0 : 10488, 1, 2024/04/15, 10:14:15.305, 1929620101, vstest.console.dll, AssemblyResolver.AddSearchDirectories: Adding more searchDirectories C:\Program Files\dotnet\sdk\8.0.201\Extensions,C:\Program Files\dotnet\sdk\8.0.201
TpTrace Information: 0 : 10488, 1, 2024/04/15, 10:14:15.305, 1929620248, vstest.console.dll, AssemblyResolver.AddSearchDirectories: Adding more searchDirectories C:\Program Files\dotnet\sdk\8.0.201\Extensions,C:\Program Files\dotnet\sdk\8.0.201
TpTrace Verbose: 0 : 10488, 1, 2024/04/15, 10:14:15.305, 1929620870, vstest.console.dll, MetadataReaderExtensionsHelper: Discovering extensions inside assembly 'Microsoft.Diagnostics.NETCore.Client, Version=0.2.9.2401, Culture=neutral, PublicKeyToken=31bf3856ad364e35' file path 'C:\Program Files\dotnet\sdk\8.0.201\Extensions\Microsoft.Diagnostics.NETCore.Client.dll'
TpTrace Information: 0 : 10488, 1, 2024/04/15, 10:14:15.306, 1929627455, vstest.console.dll, AssemblyResolver.OnResolve: Microsoft.Bcl.AsyncInterfaces: Resolving assembly.
TpTrace Information: 0 : 10488, 1, 2024/04/15, 10:14:15.306, 1929627786, vstest.console.dll, AssemblyResolver.OnResolve: Microsoft.Bcl.AsyncInterfaces: Resolved from cache.
TpTrace Verbose: 0 : 10488, 1, 2024/04/15, 10:14:15.306, 1929627943, vstest.console.dll, CurrentDomainAssemblyResolve: Resolving assembly 'Microsoft.Bcl.AsyncInterfaces'.
TpTrace Information: 0 : 10488, 1, 2024/04/15, 10:14:15.306, 1929628175, vstest.console.dll, AssemblyResolver.OnResolve: Microsoft.Bcl.AsyncInterfaces: Resolving assembly.
TpTrace Information: 0 : 10488, 1, 2024/04/15, 10:14:15.306, 1929628354, vstest.console.dll, AssemblyResolver.OnResolve: Microsoft.Bcl.AsyncInterfaces: Resolved from cache.
TpTrace Verbose: 0 : 10488, 1, 2024/04/15, 10:14:15.306, 1929628483, vstest.console.dll, CurrentDomainAssemblyResolve: Resolving assembly 'Microsoft.Bcl.AsyncInterfaces'.
TpTrace Verbose: 0 : 10488, 1, 2024/04/15, 10:14:15.306, 1929628604, vstest.console.dll, CurrentDomainAssemblyResolve: Failed to resolve assembly 'Microsoft.Bcl.AsyncInterfaces'.
TpTrace Verbose: 0 : 10488, 1, 2024/04/15, 10:14:15.306, 1929629382, vstest.console.dll, CurrentDomainAssemblyResolve: Failed to resolve assembly 'Microsoft.Bcl.AsyncInterfaces'.
TpTrace Warning: 0 : 10488, 1, 2024/04/15, 10:14:15.306, 1929631419, vstest.console.dll, TestPluginDiscoverer: Failed to get types from assembly 'Microsoft.Diagnostics.NETCore.Client, Version=0.2.9.2401, Culture=neutral, PublicKeyToken=31bf3856ad364e35'. Error: System.Reflection.ReflectionTypeLoadException: Unable to load one or more of the requested types.
Could not load file or assembly 'Microsoft.Bcl.AsyncInterfaces, Version=6.0.0.0, Culture=neutral, PublicKeyToken=cc7b13ffcd2ddd51'. The system cannot find the file specified.
   at System.Reflection.RuntimeModule.GetTypes(RuntimeModule module)
   at System.Reflection.RuntimeModule.GetTypes()
   at Microsoft.VisualStudio.TestPlatform.Common.ExtensionFramework.TestPluginDiscoverer.GetTestExtensionsFromAssembly[TPluginInfo,TExtension](Assembly assembly, Dictionary`2 pluginInfos, String filePath) in /_/src/Microsoft.TestPlatform.Common/ExtensionFramework/TestPluginDiscoverer.cs:line 158
System.IO.FileNotFoundException: Could not load file or assembly 'Microsoft.Bcl.AsyncInterfaces, Version=6.0.0.0, Culture=neutral, PublicKeyToken=cc7b13ffcd2ddd51'. The system cannot find the file specified.
File name: 'Microsoft.Bcl.AsyncInterfaces, Version=6.0.0.0, Culture=neutral, PublicKeyToken=cc7b13ffcd2ddd51'
 ---> System.IO.FileNotFoundException: Could not load file or assembly 'Microsoft.Bcl.AsyncInterfaces, Culture=neutral, PublicKeyToken=null'. The system cannot find the file specified.
File name: 'Microsoft.Bcl.AsyncInterfaces, Culture=neutral, PublicKeyToken=null'
   at System.Reflection.RuntimeAssembly.InternalLoad(AssemblyName assemblyName, StackCrawlMark& stackMark, AssemblyLoadContext assemblyLoadContext, RuntimeAssembly requestingAssembly, Boolean throwOnFileNotFound)
   at System.Reflection.Assembly.Load(AssemblyName assemblyRef)
   at Microsoft.VisualStudio.TestPlatform.Common.ExtensionFramework.TestPluginCache.CurrentDomainAssemblyResolve(Object sender, AssemblyResolveEventArgs args) in /_/src/Microsoft.TestPlatform.Common/ExtensionFramework/TestPluginCache.cs:line 513
   at System.Runtime.Loader.AssemblyLoadContext.GetFirstResolvedAssemblyFromResolvingEvent(AssemblyName assemblyName)
   at System.Runtime.Loader.AssemblyLoadContext.ResolveUsingEvent(AssemblyName assemblyName)
   at System.Runtime.Loader.AssemblyLoadContext.ResolveUsingResolvingEvent(IntPtr gchManagedAssemblyLoadContext, AssemblyName assemblyName)
TpTrace Warning: 0 : 10488, 1, 2024/04/15, 10:14:15.306, 1929632403, vstest.console.dll, LoaderExceptions: System.IO.FileNotFoundException: Could not load file or assembly 'Microsoft.Bcl.AsyncInterfaces, Version=6.0.0.0, Culture=neutral, PublicKeyToken=cc7b13ffcd2ddd51'. The system cannot find the file specified.
File name: 'Microsoft.Bcl.AsyncInterfaces, Version=6.0.0.0, Culture=neutral, PublicKeyToken=cc7b13ffcd2ddd51'
 ---> System.IO.FileNotFoundException: Could not load file or assembly 'Microsoft.Bcl.AsyncInterfaces, Culture=neutral, PublicKeyToken=null'. The system cannot find the file specified.
File name: 'Microsoft.Bcl.AsyncInterfaces, Culture=neutral, PublicKeyToken=null'
   at System.Reflection.RuntimeAssembly.InternalLoad(AssemblyName assemblyName, StackCrawlMark& stackMark, AssemblyLoadContext assemblyLoadContext, RuntimeAssembly requestingAssembly, Boolean throwOnFileNotFound)
   at System.Reflection.Assembly.Load(AssemblyName assemblyRef)
   at Microsoft.VisualStudio.TestPlatform.Common.ExtensionFramework.TestPluginCache.CurrentDomainAssemblyResolve(Object sender, AssemblyResolveEventArgs args) in /_/src/Microsoft.TestPlatform.Common/ExtensionFramework/TestPluginCache.cs:line 513
   at System.Runtime.Loader.AssemblyLoadContext.GetFirstResolvedAssemblyFromResolvingEvent(AssemblyName assemblyName)
   at System.Runtime.Loader.AssemblyLoadContext.ResolveUsingEvent(AssemblyName assemblyName)
   at System.Runtime.Loader.AssemblyLoadContext.ResolveUsingResolvingEvent(IntPtr gchManagedAssemblyLoadContext, AssemblyName assemblyName)
TpTrace Verbose: 0 : 10488, 1, 2024/04/15, 10:14:15.306, 1929632876, vstest.console.dll, MetadataReaderExtensionsHelper: Discovering extensions inside assembly 'Microsoft.TestPlatform.Extensions.BlameDataCollector, Version=15.0.0.0, Culture=neutral, PublicKeyToken=b03f5f7f11d50a3a' file path 'C:\Program Files\dotnet\sdk\8.0.201\Extensions\Microsoft.TestPlatform.Extensions.BlameDataCollector.dll'
TpTrace Information: 0 : 10488, 1, 2024/04/15, 10:14:15.307, 1929639038, vstest.console.dll, GetTestExtensionFromType: Register extension with identifier data 'logger://Microsoft/TestPlatform/Extensions/Blame/v1' and type 'Microsoft.TestPlatform.Extensions.BlameDataCollector.BlameLogger, Microsoft.TestPlatform.Extensions.BlameDataCollector, Version=15.0.0.0, Culture=neutral, PublicKeyToken=b03f5f7f11d50a3a' inside file 'C:\Program Files\dotnet\sdk\8.0.201\Extensions\Microsoft.TestPlatform.Extensions.BlameDataCollector.dll'
TpTrace Verbose: 0 : 10488, 1, 2024/04/15, 10:14:15.307, 1929639633, vstest.console.dll, MetadataReaderExtensionsHelper: Discovering extensions inside assembly 'Microsoft.TestPlatform.Extensions.EventLogCollector, Version=15.0.0.0, Culture=neutral, PublicKeyToken=b03f5f7f11d50a3a' file path 'C:\Program Files\dotnet\sdk\8.0.201\Extensions\Microsoft.TestPlatform.Extensions.EventLogCollector.dll'
TpTrace Verbose: 0 : 10488, 1, 2024/04/15, 10:14:15.307, 1929642553, vstest.console.dll, MetadataReaderExtensionsHelper: Discovering extensions inside assembly 'Microsoft.TestPlatform.TestHostRuntimeProvider, Version=15.0.0.0, Culture=neutral, PublicKeyToken=b03f5f7f11d50a3a' file path 'C:\Program Files\dotnet\sdk\8.0.201\Extensions\Microsoft.TestPlatform.TestHostRuntimeProvider.dll'
TpTrace Verbose: 0 : 10488, 1, 2024/04/15, 10:14:15.308, 1929645475, vstest.console.dll, MetadataReaderExtensionsHelper: Discovering extensions inside assembly 'Microsoft.VisualStudio.TestPlatform.Extensions.Html.TestLogger, Version=15.0.0.0, Culture=neutral, PublicKeyToken=b03f5f7f11d50a3a' file path 'C:\Program Files\dotnet\sdk\8.0.201\Extensions\Microsoft.VisualStudio.TestPlatform.Extensions.Html.TestLogger.dll'
TpTrace Information: 0 : 10488, 1, 2024/04/15, 10:14:15.308, 1929649645, vstest.console.dll, GetTestExtensionFromType: Register extension with identifier data 'logger://Microsoft/TestPlatform/HtmlLogger/v1' and type 'Microsoft.VisualStudio.TestPlatform.Extensions.HtmlLogger.HtmlLogger, Microsoft.VisualStudio.TestPlatform.Extensions.Html.TestLogger, Version=15.0.0.0, Culture=neutral, PublicKeyToken=b03f5f7f11d50a3a' inside file 'C:\Program Files\dotnet\sdk\8.0.201\Extensions\Microsoft.VisualStudio.TestPlatform.Extensions.Html.TestLogger.dll'
TpTrace Verbose: 0 : 10488, 1, 2024/04/15, 10:14:15.308, 1929650070, vstest.console.dll, MetadataReaderExtensionsHelper: Discovering extensions inside assembly 'Microsoft.VisualStudio.TestPlatform.Extensions.Trx.TestLogger, Version=15.0.0.0, Culture=neutral, PublicKeyToken=b03f5f7f11d50a3a' file path 'C:\Program Files\dotnet\sdk\8.0.201\Extensions\Microsoft.VisualStudio.TestPlatform.Extensions.Trx.TestLogger.dll'
TpTrace Information: 0 : 10488, 1, 2024/04/15, 10:14:15.308, 1929653079, vstest.console.dll, GetTestExtensionFromType: Register extension with identifier data 'logger://Microsoft/TestPlatform/TrxLogger/v1' and type 'Microsoft.VisualStudio.TestPlatform.Extensions.TrxLogger.TrxLogger, Microsoft.VisualStudio.TestPlatform.Extensions.Trx.TestLogger, Version=15.0.0.0, Culture=neutral, PublicKeyToken=b03f5f7f11d50a3a' inside file 'C:\Program Files\dotnet\sdk\8.0.201\Extensions\Microsoft.VisualStudio.TestPlatform.Extensions.Trx.TestLogger.dll'
TpTrace Verbose: 0 : 10488, 1, 2024/04/15, 10:14:15.308, 1929653590, vstest.console.dll, TestPluginCache: Discovered the extensions using extension path ''.
TpTrace Verbose: 0 : 10488, 1, 2024/04/15, 10:14:15.308, 1929653790, vstest.console.dll, TestPluginCache: Discoverers are ''.
TpTrace Verbose: 0 : 10488, 1, 2024/04/15, 10:14:15.308, 1929653916, vstest.console.dll, TestPluginCache: Executors are ''.
TpTrace Verbose: 0 : 10488, 1, 2024/04/15, 10:14:15.308, 1929654035, vstest.console.dll, TestPluginCache: Executors2 are ''.
TpTrace Verbose: 0 : 10488, 1, 2024/04/15, 10:14:15.308, 1929654147, vstest.console.dll, TestPluginCache: Setting providers are ''.
TpTrace Verbose: 0 : 10488, 1, 2024/04/15, 10:14:15.309, 1929654546, vstest.console.dll, TestPluginCache: Loggers are 'logger://Microsoft/TestPlatform/Extensions/Blame/v1,logger://Microsoft/TestPlatform/HtmlLogger/v1,logger://Microsoft/TestPlatform/TrxLogger/v1'.
TpTrace Verbose: 0 : 10488, 1, 2024/04/15, 10:14:15.309, 1929654828, vstest.console.dll, TestPluginCache: TestHosts are 'HostProvider://DefaultTestHost,HostProvider://DotnetTestHost'.
TpTrace Verbose: 0 : 10488, 1, 2024/04/15, 10:14:15.309, 1929655018, vstest.console.dll, TestPluginCache: DataCollectors are ''.
TpTrace Information: 0 : 10488, 1, 2024/04/15, 10:14:15.309, 1929659838, vstest.console.dll, TestPluginManager.CreateTestExtension: Attempting to load test extension: Microsoft.TestPlatform.Extensions.BlameDataCollector.BlameLogger
TpTrace Verbose: 0 : 10488, 1, 2024/04/15, 10:14:15.315, 1929723122, vstest.console.dll, TestEngine: Initializing Parallel Execution as MaxCpuCount is set to: 1
TpTrace Information: 0 : 10488, 1, 2024/04/15, 10:14:15.316, 1929733888, vstest.console.dll, TestPluginManager.CreateTestExtension: Attempting to load test extension: Microsoft.VisualStudio.TestPlatform.CrossPlatEngine.Hosting.DefaultTestHostManager
TpTrace Information: 0 : 10488, 1, 2024/04/15, 10:14:15.317, 1929739909, vstest.console.dll, TestPluginManager.CreateTestExtension: Attempting to load test extension: Microsoft.VisualStudio.TestPlatform.CrossPlatEngine.Hosting.DotnetTestHostManager
TpTrace Information: 0 : 10488, 1, 2024/04/15, 10:14:15.317, 1929743779, vstest.console.dll, InferRunSettingsHelper.IsTestSettingsEnabled: Unable to navigate to RunSettings/MSTest. Current node: RunSettings
TpTrace Verbose: 0 : 10488, 1, 2024/04/15, 10:14:15.318, 1929749663, vstest.console.dll, ParallelOperationManager.ClearSlots: Clearing all slots. Slots should accept more work: True
TpTrace Verbose: 0 : 10488, 1, 2024/04/15, 10:14:15.318, 1929753913, vstest.console.dll, ParallelOperationManager.SetOccupiedSlotCount: Setting slot counts AvailableSlotCount = 3, OccupiedSlotCount = 0.
TpTrace Verbose: 0 : 10488, 1, 2024/04/15, 10:14:15.319, 1929756014, vstest.console.dll, Occupied slots:

TpTrace Verbose: 0 : 10488, 1, 2024/04/15, 10:14:15.321, 1929776798, vstest.console.dll, TestEngine.GetExecutionManager: Chosen execution manager 'Microsoft.VisualStudio.TestPlatform.CrossPlatEngine.Client.Parallel.ParallelProxyExecutionManager, Microsoft.TestPlatform.CrossPlatEngine, Version=15.0.0.0, Culture=neutral, PublicKeyToken=b03f5f7f11d50a3a' ParallelLevel '1'.
TpTrace Verbose: 0 : 10488, 1, 2024/04/15, 10:14:15.321, 1929777584, vstest.console.dll, TestRunRequest.ExecuteAsync: Creating test run request.
TpTrace Verbose: 0 : 10488, 1, 2024/04/15, 10:14:15.321, 1929778972, vstest.console.dll, TestRunRequest.ExecuteAsync: Starting.
TpTrace Information: 0 : 10488, 1, 2024/04/15, 10:14:15.322, 1929786073, vstest.console.dll, TestRunRequest.ExecuteAsync: Starting run with settings:TestRunCriteria:
   KeepAlive=False,FrequencyOfRunStatsChangeEvent=10,RunStatsChangeEventTimeout=00:00:01.5000000,TestCaseFilter=,TestExecutorLauncher=
   Settingsxml=<RunSettings>
  <RunConfiguration>
    <ResultsDirectory>D:\Faculty Materials\Second Year\Second Semester\SE\NamespaceGPT\NamespaceGPT\NamespaceGPT.Tests\bin\Debug\net8.0\fine-code-coverage\coverage-tool-output</ResultsDirectory>
    <TargetPlatform>X64</TargetPlatform>
    <TargetFrameworkVersion>.NETCoreApp,Version=v8.0</TargetFrameworkVersion>
    <DesignMode>False</DesignMode>
    <CollectSourceInformation>False</CollectSourceInformation>
  </RunConfiguration>
  <LoggerRunSettings>
    <Loggers>
      <Logger friendlyName="blame" enabled="True" />
      <Logger friendlyName="Console" uri="logger://microsoft/TestPlatform/ConsoleLogger/v1" assemblyQualifiedName="Microsoft.VisualStudio.TestPlatform.CommandLine.Internal.ConsoleLogger, vstest.console, Version=15.0.0.0, Culture=neutral, PublicKeyToken=b03f5f7f11d50a3a" codeBase="C:\Program Files\dotnet\sdk\8.0.201\vstest.console.dll" enabled="True" />
    </Loggers>
  </LoggerRunSettings>
  <DataCollectionRunSettings>
    <DataCollectors>
      <DataCollector friendlyName="blame" enabled="True">
        <Configuration>
          <ResultsDirectory>D:\Faculty Materials\Second Year\Second Semester\SE\NamespaceGPT\NamespaceGPT\NamespaceGPT.Tests\bin\Debug\net8.0\fine-code-coverage\coverage-tool-output</ResultsDirectory>
        </Configuration>
      </DataCollector>
    </DataCollectors>
  </DataCollectionRunSettings>
</RunSettings>

TpTrace Verbose: 0 : 10488, 1, 2024/04/15, 10:14:15.322, 1929786454, vstest.console.dll, TestRunRequest.ExecuteAsync: Wait for the first run request is over.
TpTrace Verbose: 0 : 10488, 1, 2024/04/15, 10:14:15.322, 1929788293, vstest.console.dll, MulticastDelegateUtilities.SafeInvoke: TestRun.TestRunStart: Invoking callbacks was skipped because there are no subscribers.
TpTrace Verbose: 0 : 10488, 4, 2024/04/15, 10:14:15.322, 1929792048, vstest.console.dll, MulticastDelegateUtilities.SafeInvoke: InternalTestLoggerEvents.SendTestRunStart: Invoking callback 1/1 for Microsoft.VisualStudio.TestPlatform.CommandLine.Internal.ConsoleLogger., took 0 ms.
TpTrace Verbose: 0 : 10488, 1, 2024/04/15, 10:14:15.323, 1929795787, vstest.console.dll, ParallelProxyExecutionManager: Start execution. Total sources: 1
TpTrace Verbose: 0 : 10488, 1, 2024/04/15, 10:14:15.323, 1929797851, vstest.console.dll, ParallelOperationManager.StartWork: Starting adding 1 workloads.
TpTrace Verbose: 0 : 10488, 1, 2024/04/15, 10:14:15.323, 1929798274, vstest.console.dll, ParallelOperationManager.ClearSlots: Clearing all slots. Slots should accept more work: True
TpTrace Verbose: 0 : 10488, 1, 2024/04/15, 10:14:15.323, 1929798694, vstest.console.dll, ParallelOperationManager.SetOccupiedSlotCount: Setting slot counts AvailableSlotCount = 3, OccupiedSlotCount = 0.
TpTrace Verbose: 0 : 10488, 1, 2024/04/15, 10:14:15.323, 1929798919, vstest.console.dll, Occupied slots:

TpTrace Verbose: 0 : 10488, 1, 2024/04/15, 10:14:15.324, 1929807371, vstest.console.dll, TestRequestSender is acting as server.
TpTrace Verbose: 0 : 10488, 1, 2024/04/15, 10:14:15.325, 1929815978, vstest.console.dll, ParallelOperationManager.RunWorkInParallel: Adding 1 workload to slot, remaining workloads 0.
TpTrace Verbose: 0 : 10488, 1, 2024/04/15, 10:14:15.325, 1929816353, vstest.console.dll, ParallelOperationManager.SetOccupiedSlotCount: Setting slot counts AvailableSlotCount = 2, OccupiedSlotCount = 1.
TpTrace Verbose: 0 : 10488, 1, 2024/04/15, 10:14:15.325, 1929816997, vstest.console.dll, Occupied slots:
0: D:\Faculty Materials\Second Year\Second Semester\SE\NamespaceGPT\NamespaceGPT\NamespaceGPT.Tests\bin\Debug\net8.0\fine-code-coverage\build-output\NamespaceGPT.Tests.dll
TpTrace Verbose: 0 : 10488, 1, 2024/04/15, 10:14:15.325, 1929823196, vstest.console.dll, ParallelOperationManager.RunWorkInParallel: Started host in slot number 0 for work (source): D:\Faculty Materials\Second Year\Second Semester\SE\NamespaceGPT\NamespaceGPT\NamespaceGPT.Tests\bin\Debug\net8.0\fine-code-coverage\build-output\NamespaceGPT.Tests.dll.
TpTrace Verbose: 0 : 10488, 1, 2024/04/15, 10:14:15.326, 1929831042, vstest.console.dll, ParallelOperationManager.RunWorkInParallel: We started 1 work items, which is the max parallel level. Won't start more work.
TpTrace Verbose: 0 : 10488, 1, 2024/04/15, 10:14:15.326, 1929831356, vstest.console.dll, ParallelOperationManager.RunWorkInParallel: We started 1 work items in here, returning True.
TpTrace Information: 0 : 10488, 1, 2024/04/15, 10:14:15.326, 1929831614, vstest.console.dll, TestRunRequest.ExecuteAsync: Started.
TpTrace Verbose: 0 : 10488, 5, 2024/04/15, 10:14:15.326, 1929832936, vstest.console.dll, ParallelProxyExecutionManager.StartTestRunOnConcurrentManager: Initializing uninitialized client. Started clients: 0
TpTrace Verbose: 0 : 10488, 5, 2024/04/15, 10:14:15.326, 1929834322, vstest.console.dll, DataCollectionRequestSender.InitializeCommunication : Initialize communication. 
TpTrace Verbose: 0 : 10488, 1, 2024/04/15, 10:14:15.327, 1929835548, vstest.console.dll, TestRunRequest.WaitForCompletion: Waiting with timeout -1.
TpTrace Information: 0 : 10488, 5, 2024/04/15, 10:14:15.331, 1929879237, vstest.console.dll, Listening on Endpoint : 127.0.0.1:59000
TpTrace Verbose: 0 : 10488, 5, 2024/04/15, 10:14:15.334, 1929914196, vstest.console.dll, DotnetDataCollectionLauncher: Adding  --runtimeconfig "C:\Program Files\dotnet\sdk\8.0.201\datacollector.runtimeconfig.json" in args
TpTrace Verbose: 0 : 10488, 5, 2024/04/15, 10:14:15.335, 1929917549, vstest.console.dll, DotnetDataCollectionLauncher: Adding  --depsfile "C:\Program Files\dotnet\sdk\8.0.201\datacollector.deps.json" in args
TpTrace Verbose: 0 : 10488, 5, 2024/04/15, 10:14:15.335, 1929918577, vstest.console.dll, DotnetDataCollectionLauncher: Full path of dotnet.exe is C:\Program Files\dotnet\dotnet.exe
TpTrace Information: 0 : 10488, 5, 2024/04/15, 10:14:15.339, 1929958409, vstest.console.dll, ProxyDataCollectionManager.Initialize: Launched datacollector processId: 11628 port: 59000
TpTrace Information: 0 : 10488, 5, 2024/04/15, 10:14:15.339, 1929959138, vstest.console.dll, ProxyDataCollectionManager.Initialize: waiting for connection with timeout: 90 seconds
TpTrace Verbose: 0 : 10488, 5, 2024/04/15, 10:14:15.339, 1929959432, vstest.console.dll, DataCollectionRequestSender.WaitForRequestHandlerConnection : Waiting for connection with timeout: 90000
TpTrace Information: 0 : 10488, 7, 2024/04/15, 10:14:15.421, 1930776204, vstest.console.dll, Using the buffer size of 16384 bytes
TpTrace Verbose: 0 : 10488, 5, 2024/04/15, 10:14:15.421, 1930776361, vstest.console.dll, SocketCommunicationManager.WaitForClientConnection took: 81 ms, with 90000 ms timeout, and finished with True.
TpTrace Information: 0 : 10488, 7, 2024/04/15, 10:14:15.421, 1930777010, vstest.console.dll, Accepted Client request and set the flag
TpTrace Verbose: 0 : 10488, 5, 2024/04/15, 10:14:15.421, 1930777780, vstest.console.dll, ProxyDataCollectionManager.InvokeDataCollectionServiceAction: Starting.
TpTrace Information: 0 : 10488, 5, 2024/04/15, 10:14:15.421, 1930778235, vstest.console.dll, ProxyDataCollectionManager.BeforeTestRunStart: Get environment variable and port for datacollector processId: 11628 port: 59000
TpTrace Verbose: 0 : 10488, 5, 2024/04/15, 10:14:15.421, 1930778989, vstest.console.dll, DataCollectionRequestSender.SendBeforeTestRunStartAndGetResult: Send BeforeTestRunStart message with settingsXml <RunSettings><RunConfiguration><ResultsDirectory>D:\Faculty Materials\Second Year\Second Semester\SE\NamespaceGPT\NamespaceGPT\NamespaceGPT.Tests\bin\Debug\net8.0\fine-code-coverage\coverage-tool-output</ResultsDirectory><TargetPlatform>X64</TargetPlatform><TargetFrameworkVersion>.NETCoreApp,Version=v8.0</TargetFrameworkVersion><DesignMode>False</DesignMode><CollectSourceInformation>False</CollectSourceInformation><TestAdaptersPaths>C:\Program Files\dotnet\sdk\8.0.201\Extensions</TestAdaptersPaths></RunConfiguration><LoggerRunSettings><Loggers><Logger friendlyName="blame" enabled="True" /><Logger friendlyName="Console" uri="logger://microsoft/TestPlatform/ConsoleLogger/v1" assemblyQualifiedName="Microsoft.VisualStudio.TestPlatform.CommandLine.Internal.ConsoleLogger, vstest.console, Version=15.0.0.0, Culture=neutral, PublicKeyToken=b03f5f7f11d50a3a" codeBase="C:\Program Files\dotnet\sdk\8.0.201\vstest.console.dll" enabled="True" /></Loggers></LoggerRunSettings><DataCollectionRunSettings><DataCollectors><DataCollector friendlyName="blame" enabled="True"><Configuration><ResultsDirectory>D:\Faculty Materials\Second Year\Second Semester\SE\NamespaceGPT\NamespaceGPT\NamespaceGPT.Tests\bin\Debug\net8.0\fine-code-coverage\coverage-tool-output</ResultsDirectory></Configuration></DataCollector></DataCollectors></DataCollectionRunSettings></RunSettings> and sources System.Collections.Generic.List`1[System.String]: 
TpTrace Verbose: 0 : 10488, 5, 2024/04/15, 10:14:15.452, 1931092834, vstest.console.dll, DataCollectionRequestSender.SendBeforeTestRunStartAndGetResult: Received message: (DataCollection.SendMessage) -> {"MessageType":"DataCollection.SendMessage","Payload":{"FriendlyName":null,"Uri":null,"TestCaseId":"00000000-0000-0000-0000-000000000000","Message":"Logging DataCollector Diagnostics in file: D:\\Faculty Materials\\Second Year\\Second Semester\\SE\\NamespaceGPT\\NamespaceGPT\\NamespaceGPT.Tests\\bin\\Debug\\net8.0\\fine-code-coverage\\coverage-tool-output\\diagnostics.datacollector.24-04-15_10-14-15_33478_5.log","Level":0}}
TpTrace Verbose: 0 : 10488, 5, 2024/04/15, 10:14:15.507, 1931643438, vstest.console.dll, DataCollectionRequestSender.SendBeforeTestRunStartAndGetResult: Received message: (DataCollection.BeforeTestRunStartResult) -> {"MessageType":"DataCollection.BeforeTestRunStartResult","Payload":{"EnvironmentVariables":{},"DataCollectionEventsPort":59002}}
TpTrace Information: 0 : 10488, 5, 2024/04/15, 10:14:15.511, 1931677040, vstest.console.dll, ProxyDataCollectionManager.BeforeTestRunStart: SendBeforeTestRunStartAndGetResult successful, env variable from datacollector:   and testhost port: 59002
TpTrace Information: 0 : 10488, 5, 2024/04/15, 10:14:15.511, 1931677538, vstest.console.dll, ProxyDataCollectionManager.InvokeDataCollectionServiceAction: Completed.
TpTrace Verbose: 0 : 10488, 5, 2024/04/15, 10:14:15.511, 1931677830, vstest.console.dll, ParallelProxyExecutionManager.StartTestRunOnConcurrentManager: Initializing test run. Started clients: 0
TpTrace Verbose: 0 : 10488, 5, 2024/04/15, 10:14:15.511, 1931678410, vstest.console.dll, ProxyExecutionManager: Test host is always Lazy initialize.
TpTrace Verbose: 0 : 10488, 5, 2024/04/15, 10:14:15.511, 1931679812, vstest.console.dll, TestRequestSender.InitializeCommunication: initialize communication. 
TpTrace Information: 0 : 10488, 5, 2024/04/15, 10:14:15.511, 1931683261, vstest.console.dll, SocketServer.Start: Listening on endpoint : 127.0.0.1:59003
TpTrace Verbose: 0 : 10488, 5, 2024/04/15, 10:14:15.512, 1931688242, vstest.console.dll, DotnetTestHostmanager.GetTestHostProcessStartInfo: Platform environment 'X64' target architecture 'X64' framework '.NETCoreApp,Version=v8.0' OS 'Windows'
TpTrace Verbose: 0 : 10488, 5, 2024/04/15, 10:14:15.512, 1931689287, vstest.console.dll, DotnetTestHostmanager: Adding  --runtimeconfig "D:\Faculty Materials\Second Year\Second Semester\SE\NamespaceGPT\NamespaceGPT\NamespaceGPT.Tests\bin\Debug\net8.0\fine-code-coverage\build-output\NamespaceGPT.Tests.runtimeconfig.json" in args
TpTrace Verbose: 0 : 10488, 5, 2024/04/15, 10:14:15.512, 1931689656, vstest.console.dll, DotnetTestHostmanager: Adding  --depsfile "D:\Faculty Materials\Second Year\Second Semester\SE\NamespaceGPT\NamespaceGPT\NamespaceGPT.Tests\bin\Debug\net8.0\fine-code-coverage\build-output\NamespaceGPT.Tests.deps.json" in args
TpTrace Verbose: 0 : 10488, 5, 2024/04/15, 10:14:15.512, 1931691021, vstest.console.dll, DotnetTestHostmanager.IsWinOnArm: Current PROCESSOR_ARCHITECTURE from environment variable 'AMD64'
TpTrace Verbose: 0 : 10488, 5, 2024/04/15, 10:14:15.512, 1931691396, vstest.console.dll, DotnetTestHostmanager.IsWinOnArm: Is Windows on ARM 'False'
TpTrace Verbose: 0 : 10488, 5, 2024/04/15, 10:14:15.512, 1931691720, vstest.console.dll, DotnetTestHostManager: testhost.exe found at path: D:\Faculty Materials\Second Year\Second Semester\SE\NamespaceGPT\NamespaceGPT\NamespaceGPT.Tests\bin\Debug\net8.0\fine-code-coverage\build-output\testhost.exe
TpTrace Verbose: 0 : 10488, 5, 2024/04/15, 10:14:15.512, 1931691962, vstest.console.dll, DotnetTestHostmanager: Full path of host exe is D:\Faculty Materials\Second Year\Second Semester\SE\NamespaceGPT\NamespaceGPT\NamespaceGPT.Tests\bin\Debug\net8.0\fine-code-coverage\build-output\testhost.exe
TpTrace Verbose: 0 : 10488, 5, 2024/04/15, 10:14:15.512, 1931692685, vstest.console.dll, DotnetTestHostmanager.LaunchTestHostAsync: Found 'VSTEST_WINAPPHOST_DOTNET_ROOT' in env variables, value 'C:\Program Files\dotnet', forwarding to 'DOTNET_ROOT'
TpTrace Verbose: 0 : 10488, 5, 2024/04/15, 10:14:15.512, 1931693623, vstest.console.dll, DotnetTestHostManager: Starting process 'D:\Faculty Materials\Second Year\Second Semester\SE\NamespaceGPT\NamespaceGPT\NamespaceGPT.Tests\bin\Debug\net8.0\fine-code-coverage\build-output\testhost.exe' with command line ' --runtimeconfig "D:\Faculty Materials\Second Year\Second Semester\SE\NamespaceGPT\NamespaceGPT\NamespaceGPT.Tests\bin\Debug\net8.0\fine-code-coverage\build-output\NamespaceGPT.Tests.runtimeconfig.json" --depsfile "D:\Faculty Materials\Second Year\Second Semester\SE\NamespaceGPT\NamespaceGPT\NamespaceGPT.Tests\bin\Debug\net8.0\fine-code-coverage\build-output\NamespaceGPT.Tests.deps.json" --port 59003 --endpoint 127.0.0.1:059003 --role client --parentprocessid 10488 --diag "D:\Faculty Materials\Second Year\Second Semester\SE\NamespaceGPT\NamespaceGPT\NamespaceGPT.Tests\bin\Debug\net8.0\fine-code-coverage\coverage-tool-output\diagnostics.host.24-04-15_10-14-15_51211_5.log" --tracelevel 4 --datacollectionport 59002 --telemetryoptedin false'
TpTrace Verbose: 0 : 10488, 5, 2024/04/15, 10:14:15.537, 1931943065, vstest.console.dll, MulticastDelegateUtilities.SafeInvoke: HostProviderEvents.OnHostLaunched: Invoking callback 1/2 for Microsoft.VisualStudio.TestPlatform.CrossPlatEngine.Client.ProxyExecutionManagerWithDataCollection., took 0 ms.
TpTrace Verbose: 0 : 10488, 5, 2024/04/15, 10:14:15.538, 1931945102, vstest.console.dll, Test Runtime launched
TpTrace Verbose: 0 : 10488, 5, 2024/04/15, 10:14:15.538, 1931945494, vstest.console.dll, MulticastDelegateUtilities.SafeInvoke: HostProviderEvents.OnHostLaunched: Invoking callback 2/2 for Microsoft.VisualStudio.TestPlatform.CrossPlatEngine.Client.ProxyOperationManager., took 0 ms.
TpTrace Verbose: 0 : 10488, 5, 2024/04/15, 10:14:15.538, 1931946429, vstest.console.dll, TestRequestSender.WaitForRequestHandlerConnection: waiting for connection with timeout: 90000.
TpTrace Verbose: 0 : 10488, 5, 2024/04/15, 10:14:15.659, 1933156715, vstest.console.dll, TestRequestSender.WaitForRequestHandlerConnection: waiting took 121 ms, with timeout 90000 ms, and result 0, which is success.
TpTrace Verbose: 0 : 10488, 7, 2024/04/15, 10:14:15.659, 1933156891, vstest.console.dll, MulticastDelegateUtilities.SafeInvoke: SocketServer: ClientConnected: Invoking callback 1/1 for Microsoft.VisualStudio.TestPlatform.CommunicationUtilities.TestRequestSender., took 0 ms.
TpTrace Verbose: 0 : 10488, 7, 2024/04/15, 10:14:15.659, 1933158549, vstest.console.dll, SocketServer.OnClientConnected: Client connected for endPoint: 127.0.0.1:59003, starting MessageLoopAsync:
TpTrace Verbose: 0 : 10488, 13, 2024/04/15, 10:14:15.659, 1933161754, vstest.console.dll, TcpClientExtensions.MessageLoopAsync: Polling on remoteEndPoint: 127.0.0.1:59004 localEndPoint: 127.0.0.1:59003 after 0 ms
TpTrace Verbose: 0 : 10488, 5, 2024/04/15, 10:14:15.660, 1933164704, vstest.console.dll, TestRequestSender.CheckVersionWithTestHost: Sending check version message: {"MessageType":"ProtocolVersion","Payload":7}
TpTrace Verbose: 0 : 10488, 13, 2024/04/15, 10:14:15.726, 1933827366, vstest.console.dll, TcpClientExtensions.MessageLoopAsync: NotifyDataAvailable remoteEndPoint: 127.0.0.1:59004 localEndPoint: 127.0.0.1:59003
TpTrace Verbose: 0 : 10488, 13, 2024/04/15, 10:14:15.726, 1933829301, vstest.console.dll, TestRequestSender.CheckVersionWithTestHost: onMessageReceived received message: (ProtocolVersion) -> {"MessageType":"ProtocolVersion","Payload":7}
TpTrace Verbose: 0 : 10488, 13, 2024/04/15, 10:14:15.727, 1933835130, vstest.console.dll, MulticastDelegateUtilities.SafeInvoke: LengthPrefixCommunicationChannel: MessageReceived: Invoking callback 1/1 for Microsoft.VisualStudio.TestPlatform.CommunicationUtilities.TestRequestSender+<>c__DisplayClass29_0., took 0 ms.
TpTrace Verbose: 0 : 10488, 13, 2024/04/15, 10:14:15.727, 1933835750, vstest.console.dll, TcpClientExtensions.MessageLoopAsync: Polling on remoteEndPoint: 127.0.0.1:59004 localEndPoint: 127.0.0.1:59003 after 67 ms
TpTrace Verbose: 0 : 10488, 5, 2024/04/15, 10:14:15.727, 1933835925, vstest.console.dll, TestPluginCache.GetExtensionPaths: Filtered extension paths: 
TpTrace Verbose: 0 : 10488, 5, 2024/04/15, 10:14:15.727, 1933836420, vstest.console.dll, TestPluginCache.GetExtensionPaths: Added default extension paths: C:\Program Files\dotnet\sdk\8.0.201\Extensions\Microsoft.Diagnostics.NETCore.Client.dll
C:\Program Files\dotnet\sdk\8.0.201\Extensions\Microsoft.TestPlatform.Extensions.BlameDataCollector.dll
C:\Program Files\dotnet\sdk\8.0.201\Extensions\Microsoft.TestPlatform.Extensions.EventLogCollector.dll
C:\Program Files\dotnet\sdk\8.0.201\Extensions\Microsoft.TestPlatform.TestHostRuntimeProvider.dll
C:\Program Files\dotnet\sdk\8.0.201\Extensions\Microsoft.VisualStudio.TestPlatform.Extensions.Html.TestLogger.dll
C:\Program Files\dotnet\sdk\8.0.201\Extensions\Microsoft.VisualStudio.TestPlatform.Extensions.Trx.TestLogger.dll
TpTrace Verbose: 0 : 10488, 5, 2024/04/15, 10:14:15.727, 1933837026, vstest.console.dll, TestPluginCache.GetExtensionPaths: Added unfilterableExtensionPaths: 
TpTrace Verbose: 0 : 10488, 5, 2024/04/15, 10:14:15.728, 1933851834, vstest.console.dll, TestRequestSender.InitializeExecution: Sending initialize execution with message: {"Version":7,"MessageType":"TestExecution.Initialize","Payload":["D:\\Faculty Materials\\Second Year\\Second Semester\\SE\\NamespaceGPT\\NamespaceGPT\\NamespaceGPT.Tests\\bin\\Debug\\net8.0\\fine-code-coverage\\build-output\\Microsoft.VisualStudio.TestPlatform.MSTest.TestAdapter.dll"]}
TpTrace Verbose: 0 : 10488, 5, 2024/04/15, 10:14:15.728, 1933852714, vstest.console.dll, ParallelProxyExecutionManager.StartTestRunOnConcurrentManager: Execution starting. Started clients: 1
TpTrace Verbose: 0 : 10488, 5, 2024/04/15, 10:14:15.728, 1933854239, vstest.console.dll, TestRunRequest:SendTestRunMessage: Starting.
TpTrace Verbose: 0 : 10488, 5, 2024/04/15, 10:14:15.729, 1933855206, vstest.console.dll, MulticastDelegateUtilities.SafeInvoke: TestRun.LogMessages: Invoking callback 1/1 for Microsoft.VisualStudio.TestPlatform.CommandLine.TestRunResultAggregator., took 0 ms.
TpTrace Information: 0 : 10488, 5, 2024/04/15, 10:14:15.729, 1933855483, vstest.console.dll, TestRunRequest:SendTestRunMessage: Completed.
TpTrace Verbose: 0 : 10488, 4, 2024/04/15, 10:14:15.729, 1933856691, vstest.console.dll, MulticastDelegateUtilities.SafeInvoke: InternalTestLoggerEvents.SendTestRunMessage: Invoking callback 1/1 for Microsoft.VisualStudio.TestPlatform.CommandLine.Internal.ConsoleLogger., took 0 ms.
TpTrace Warning: 0 : 10488, 5, 2024/04/15, 10:14:15.729, 1933857860, vstest.console.dll, InferRunSettingsHelper.MakeRunsettingsCompatible: Removing the following settings: TargetPlatform from RunSettings file. To use those settings please move to latest version of Microsoft.NET.Test.Sdk
TpTrace Verbose: 0 : 10488, 13, 2024/04/15, 10:14:15.729, 1933863615, vstest.console.dll, TcpClientExtensions.MessageLoopAsync: NotifyDataAvailable remoteEndPoint: 127.0.0.1:59004 localEndPoint: 127.0.0.1:59003
TpTrace Verbose: 0 : 10488, 13, 2024/04/15, 10:14:15.730, 1933865596, vstest.console.dll, TestRequestSender.OnExecutionMessageReceived: Received message: {"Version":7,"MessageType":"TestSession.Message","Payload":{"MessageLevel":0,"Message":"Logging TestHost Diagnostics in file: D:\\Faculty Materials\\Second Year\\Second Semester\\SE\\NamespaceGPT\\NamespaceGPT\\NamespaceGPT.Tests\\bin\\Debug\\net8.0\\fine-code-coverage\\coverage-tool-output\\diagnostics.host.24-04-15_10-14-15_51211_5.log"}}
TpTrace Verbose: 0 : 10488, 13, 2024/04/15, 10:14:15.731, 1933883027, vstest.console.dll, TestRunRequest:SendTestRunMessage: Starting.
TpTrace Verbose: 0 : 10488, 13, 2024/04/15, 10:14:15.731, 1933883690, vstest.console.dll, MulticastDelegateUtilities.SafeInvoke: TestRun.LogMessages: Invoking callback 1/1 for Microsoft.VisualStudio.TestPlatform.CommandLine.TestRunResultAggregator., took 0 ms.
TpTrace Verbose: 0 : 10488, 4, 2024/04/15, 10:14:15.731, 1933883815, vstest.console.dll, MulticastDelegateUtilities.SafeInvoke: InternalTestLoggerEvents.SendTestRunMessage: Invoking callback 1/1 for Microsoft.VisualStudio.TestPlatform.CommandLine.Internal.ConsoleLogger., took 0 ms.
TpTrace Information: 0 : 10488, 13, 2024/04/15, 10:14:15.731, 1933883877, vstest.console.dll, TestRunRequest:SendTestRunMessage: Completed.
TpTrace Verbose: 0 : 10488, 13, 2024/04/15, 10:14:15.731, 1933884501, vstest.console.dll, MulticastDelegateUtilities.SafeInvoke: LengthPrefixCommunicationChannel: MessageReceived: Invoking callback 1/1 for Microsoft.VisualStudio.TestPlatform.CommunicationUtilities.TestRequestSender+<>c__DisplayClass34_0., took 2 ms.
TpTrace Verbose: 0 : 10488, 13, 2024/04/15, 10:14:15.732, 1933884736, vstest.console.dll, TcpClientExtensions.MessageLoopAsync: Polling on remoteEndPoint: 127.0.0.1:59004 localEndPoint: 127.0.0.1:59003 after 4 ms
TpTrace Verbose: 0 : 10488, 5, 2024/04/15, 10:14:15.733, 1933902228, vstest.console.dll, TestRequestSender.StartTestRun: Sending test run with message: {"Version":7,"MessageType":"TestExecution.StartWithSources","Payload":{"AdapterSourceMap":{"_none_":["D:\\Faculty Materials\\Second Year\\Second Semester\\SE\\NamespaceGPT\\NamespaceGPT\\NamespaceGPT.Tests\\bin\\Debug\\net8.0\\fine-code-coverage\\build-output\\NamespaceGPT.Tests.dll"]},"RunSettings":"<RunSettings>\r\n  <RunConfiguration>\r\n    <ResultsDirectory>D:\\Faculty Materials\\Second Year\\Second Semester\\SE\\NamespaceGPT\\NamespaceGPT\\NamespaceGPT.Tests\\bin\\Debug\\net8.0\\fine-code-coverage\\coverage-tool-output</ResultsDirectory>\r\n    <TargetFrameworkVersion>.NETCoreApp,Version=v8.0</TargetFrameworkVersion>\r\n    <DesignMode>False</DesignMode>\r\n    <CollectSourceInformation>False</CollectSourceInformation>\r\n  </RunConfiguration>\r\n  <LoggerRunSettings>\r\n    <Loggers>\r\n      <Logger friendlyName=\"blame\" enabled=\"True\" />\r\n      <Logger friendlyName=\"Console\" uri=\"logger://microsoft/TestPlatform/ConsoleLogger/v1\" assemblyQualifiedName=\"Microsoft.VisualStudio.TestPlatform.CommandLine.Internal.ConsoleLogger, vstest.console, Version=15.0.0.0, Culture=neutral, PublicKeyToken=b03f5f7f11d50a3a\" codeBase=\"C:\\Program Files\\dotnet\\sdk\\8.0.201\\vstest.console.dll\" enabled=\"True\" />\r\n    </Loggers>\r\n  </LoggerRunSettings>\r\n  <DataCollectionRunSettings>\r\n    <DataCollectors>\r\n      <DataCollector friendlyName=\"blame\" enabled=\"True\">\r\n        <Configuration>\r\n          <ResultsDirectory>D:\\Faculty Materials\\Second Year\\Second Semester\\SE\\NamespaceGPT\\NamespaceGPT\\NamespaceGPT.Tests\\bin\\Debug\\net8.0\\fine-code-coverage\\coverage-tool-output</ResultsDirectory>\r\n        </Configuration>\r\n      </DataCollector>\r\n    </DataCollectors>\r\n  </DataCollectionRunSettings>\r\n</RunSettings>","TestExecutionContext":{"FrequencyOfRunStatsChangeEvent":10,"RunStatsChangeEventTimeout":"00:00:01.5000000","InIsolation":false,"KeepAlive":false,"AreTestCaseLevelEventsRequired":false,"IsDebug":false,"TestCaseFilter":null,"FilterOptions":null},"Package":null}}
TpTrace Verbose: 0 : 10488, 5, 2024/04/15, 10:14:15.733, 1933903085, vstest.console.dll, ParallelProxyExecutionManager.StartTestRunOnConcurrentManager: Execution started. Started clients: 1
TpTrace Verbose: 0 : 10488, 13, 2024/04/15, 10:14:15.934, 1935911233, vstest.console.dll, TcpClientExtensions.MessageLoopAsync: NotifyDataAvailable remoteEndPoint: 127.0.0.1:59004 localEndPoint: 127.0.0.1:59003
TpTrace Verbose: 0 : 10488, 13, 2024/04/15, 10:14:15.934, 1935913082, vstest.console.dll, TestRequestSender.OnExecutionMessageReceived: Received message: {"Version":7,"MessageType":"TestExecution.Completed","Payload":{"TestRunCompleteArgs":{"TestRunStatistics":{"ExecutedTests":3,"Stats":{"Passed":3}},"IsCanceled":false,"IsAborted":false,"Error":null,"AttachmentSets":[],"InvokedDataCollectors":[],"ElapsedTimeInRunningTests":"00:00:00.1097301","Metrics":{},"DiscoveredExtensions":{"TestDiscoverers":["Microsoft.VisualStudio.TestPlatform.MSTest.TestAdapter.MSTestDiscoverer, Microsoft.VisualStudio.TestPlatform.MSTest.TestAdapter, Version=14.0.0.0, Culture=neutral, PublicKeyToken=b03f5f7f11d50a3a"],"TestExecutors":["executor://MSTestAdapter/v2"],"TestExecutors2":[],"TestSettingsProviders":[]}},"LastRunTests":{"NewTestResults":[{"TestCase":{"Id":"a7157955-ae73-7cd2-ff22-2ee459aa26b4","FullyQualifiedName":"NamespaceGPT.UnitTesting.Repositories.UserControllerUnitTests.TestAddUser_SuccessfulAdd_ReturnsUserId","DisplayName":"TestAddUser_SuccessfulAdd_ReturnsUserId","ExecutorUri":"executor://MSTestAdapter/v2","Source":"D:\\Faculty Materials\\Second Year\\Second Semester\\SE\\NamespaceGPT\\NamespaceGPT\\NamespaceGPT.Tests\\bin\\Debug\\net8.0\\fine-code-coverage\\build-output\\NamespaceGPT.Tests.dll","CodeFilePath":null,"LineNumber":-1,"Properties":[{"Key":{"Id":"TestCase.ManagedMethod","Label":"ManagedMethod","Category":"","Description":"","Attributes":1,"ValueType":"System.String"},"Value":"TestAddUser_SuccessfulAdd_ReturnsUserId"},{"Key":{"Id":"TestCase.ManagedType","Label":"ManagedType","Category":"","Description":"","Attributes":1,"ValueType":"System.String"},"Value":"NamespaceGPT.UnitTesting.Repositories.UserControllerUnitTests"},{"Key":{"Id":"MSTestDiscoverer.TestClassName","Label":"ClassName","Category":"","Description":"","Attributes":1,"ValueType":"System.String"},"Value":"NamespaceGPT.UnitTesting.Repositories.UserControllerUnitTests"},{"Key":{"Id":"MSTest.TestIdGenerationStrategy","Label":"TestIdGenerationStrategy","Category":"","Description":"","Attributes":1,"ValueType":"System.Int32"},"Value":2},{"Key":{"Id":"TestCase.Hierarchy","Label":"Hierarchy","Category":"","Description":"","Attributes":2,"ValueType":"System.String[]"},"Value":[null,"NamespaceGPT.UnitTesting.Repositories","UserControllerUnitTests","TestAddUser_SuccessfulAdd_ReturnsUserId"]},{"Key":{"Id":"TestObject.Traits","Label":"Traits","Category":"","Description":"","Attributes":5,"ValueType":"System.Collections.Generic.KeyValuePair`2[[System.String],[System.String]][]"},"Value":[]}]},"Attachments":[],"Outcome":1,"ErrorMessage":null,"ErrorStackTrace":null,"DisplayName":"TestAddUser_SuccessfulAdd_ReturnsUserId","Messages":[],"ComputerName":"DESKTOP-GUC84CO","Duration":"00:00:00.0016059","StartTime":"2024-04-15T10:14:15.8824097+03:00","EndTime":"2024-04-15T10:14:15.8918344+03:00","Properties":[{"Key":{"Id":"InnerResultsCount","Label":"InnerResultsCount","Category":"","Description":"","Attributes":1,"ValueType":"System.Int32"},"Value":0},{"Key":{"Id":"ExecutionId","Label":"ExecutionId","Category":"","Description":"","Attributes":1,"ValueType":"System.Guid"},"Value":"00000000-0000-0000-0000-000000000000"},{"Key":{"Id":"ParentExecId","Label":"ParentExecId","Category":"","Description":"","Attributes":1,"ValueType":"System.Guid"},"Value":"00000000-0000-0000-0000-000000000000"}]},{"TestCase":{"Id":"6325f31d-04f0-7908-66ec-1c5e8e26374f","FullyQualifiedName":"NamespaceGPT.UnitTesting.Repositories.UserRepositoryUnitTests.TestAddUser_SuccessfulAdd_ReturnsUserId","DisplayName":"TestAddUser_SuccessfulAdd_ReturnsUserId","ExecutorUri":"executor://MSTestAdapter/v2","Source":"D:\\Faculty Materials\\Second Year\\Second Semester\\SE\\NamespaceGPT\\NamespaceGPT\\NamespaceGPT.Tests\\bin\\Debug\\net8.0\\fine-code-coverage\\build-output\\NamespaceGPT.Tests.dll","CodeFilePath":null,"LineNumber":-1,"Properties":[{"Key":{"Id":"TestCase.ManagedMethod","Label":"ManagedMethod","Category":"","Description":"","Attributes":1,"ValueType":"System.String"},"Value":"TestAddUser_SuccessfulAdd_ReturnsUserId"},{"Key":{"Id":"TestCase.ManagedType","Label":"ManagedType","Category":"","Description":"","Attributes":1,"ValueType":"System.String"},"Value":"NamespaceGPT.UnitTesting.Repositories.UserRepositoryUnitTests"},{"Key":{"Id":"MSTestDiscoverer.TestClassName","Label":"ClassName","Category":"","Description":"","Attributes":1,"ValueType":"System.String"},"Value":"NamespaceGPT.UnitTesting.Repositories.UserRepositoryUnitTests"},{"Key":{"Id":"MSTest.TestIdGenerationStrategy","Label":"TestIdGenerationStrategy","Category":"","Description":"","Attributes":1,"ValueType":"System.Int32"},"Value":2},{"Key":{"Id":"TestCase.Hierarchy","Label":"Hierarchy","Category":"","Description":"","Attributes":2,"ValueType":"System.String[]"},"Value":[null,"NamespaceGPT.UnitTesting.Repositories","UserRepositoryUnitTests","TestAddUser_SuccessfulAdd_ReturnsUserId"]},{"Key":{"Id":"TestObject.Traits","Label":"Traits","Category":"","Description":"","Attributes":5,"ValueType":"System.Collections.Generic.KeyValuePair`2[[System.String],[System.String]][]"},"Value":[]}]},"Attachments":[],"Outcome":1,"ErrorMessage":null,"ErrorStackTrace":null,"DisplayName":"TestAddUser_SuccessfulAdd_ReturnsUserId","Messages":[],"ComputerName":"DESKTOP-GUC84CO","Duration":"00:00:00.0000647","StartTime":"2024-04-15T10:14:15.9047102+03:00","EndTime":"2024-04-15T10:14:15.9050339+03:00","Properties":[{"Key":{"Id":"InnerResultsCount","Label":"InnerResultsCount","Category":"","Description":"","Attributes":1,"ValueType":"System.Int32"},"Value":0},{"Key":{"Id":"ExecutionId","Label":"ExecutionId","Category":"","Description":"","Attributes":1,"ValueType":"System.Guid"},"Value":"00000000-0000-0000-0000-000000000000"},{"Key":{"Id":"ParentExecId","Label":"ParentExecId","Category":"","Description":"","Attributes":1,"ValueType":"System.Guid"},"Value":"00000000-0000-0000-0000-000000000000"}]},{"TestCase":{"Id":"05a4a1ec-be7b-a012-3330-3d5bd864ecec","FullyQualifiedName":"NamespaceGPT.UnitTesting.Repositories.UserServiceUnitTests.TestAddUser_SuccessfulAdd_ReturnsUserId","DisplayName":"TestAddUser_SuccessfulAdd_ReturnsUserId","ExecutorUri":"executor://MSTestAdapter/v2","Source":"D:\\Faculty Materials\\Second Year\\Second Semester\\SE\\NamespaceGPT\\NamespaceGPT\\NamespaceGPT.Tests\\bin\\Debug\\net8.0\\fine-code-coverage\\build-output\\NamespaceGPT.Tests.dll","CodeFilePath":null,"LineNumber":-1,"Properties":[{"Key":{"Id":"TestCase.ManagedMethod","Label":"ManagedMethod","Category":"","Description":"","Attributes":1,"ValueType":"System.String"},"Value":"TestAddUser_SuccessfulAdd_ReturnsUserId"},{"Key":{"Id":"TestCase.ManagedType","Label":"ManagedType","Category":"","Description":"","Attributes":1,"ValueType":"System.String"},"Value":"NamespaceGPT.UnitTesting.Repositories.UserServiceUnitTests"},{"Key":{"Id":"MSTestDiscoverer.TestClassName","Label":"ClassName","Category":"","Description":"","Attributes":1,"ValueType":"System.String"},"Value":"NamespaceGPT.UnitTesting.Repositories.UserServiceUnitTests"},{"Key":{"Id":"MSTest.TestIdGenerationStrategy","Label":"TestIdGenerationStrategy","Category":"","Description":"","Attributes":1,"ValueType":"System.Int32"},"Value":2},{"Key":{"Id":"TestCase.Hierarchy","Label":"Hierarchy","Category":"","Description":"","Attributes":2,"ValueType":"System.String[]"},"Value":[null,"NamespaceGPT.UnitTesting.Repositories","UserServiceUnitTests","TestAddUser_SuccessfulAdd_ReturnsUserId"]},{"Key":{"Id":"TestObject.Traits","Label":"Traits","Category":"","Description":"","Attributes":5,"ValueType":"System.Collections.Generic.KeyValuePair`2[[System.String],[System.String]][]"},"Value":[]}]},"Attachments":[],"Outcome":1,"ErrorMessage":null,"ErrorStackTrace":null,"DisplayName":"TestAddUser_SuccessfulAdd_ReturnsUserId","Messages":[],"ComputerName":"DESKTOP-GUC84CO","Duration":"00:00:00.0000612","StartTime":"2024-04-15T10:14:15.9072772+03:00","EndTime":"2024-04-15T10:14:15.9082099+03:00","Properties":[{"Key":{"Id":"InnerResultsCount","Label":"InnerResultsCount","Category":"","Description":"","Attributes":1,"ValueType":"System.Int32"},"Value":0},{"Key":{"Id":"ExecutionId","Label":"ExecutionId","Category":"","Description":"","Attributes":1,"ValueType":"System.Guid"},"Value":"00000000-0000-0000-0000-000000000000"},{"Key":{"Id":"ParentExecId","Label":"ParentExecId","Category":"","Description":"","Attributes":1,"ValueType":"System.Guid"},"Value":"00000000-0000-0000-0000-000000000000"}]}],"TestRunStatistics":{"ExecutedTests":3,"Stats":{"Passed":3}},"ActiveTests":[]},"RunAttachments":[],"ExecutorUris":["executor://mstestadapter/v2"]}}
TpTrace Verbose: 0 : 10488, 13, 2024/04/15, 10:14:15.934, 1935914331, vstest.console.dll, TestRequestSender.EndSession: Sending end session.
TpTrace Verbose: 0 : 10488, 13, 2024/04/15, 10:14:15.935, 1935915414, vstest.console.dll, ProxyOperationManager.Close: waiting for test host to exit for 100 ms
TpTrace Verbose: 0 : 10488, 11, 2024/04/15, 10:14:15.948, 1936045113, vstest.console.dll, TestHostManagerCallbacks.ctor: Experimental forwarding output is disabled.
TpTrace Warning: 0 : 10488, 11, 2024/04/15, 10:14:15.948, 1936046124, vstest.console.dll, TestHostManagerCallbacks.ErrorReceivedCallback Test host standard error line: 
TpTrace Verbose: 0 : 10488, 11, 2024/04/15, 10:14:15.951, 1936077130, vstest.console.dll, TestHostProvider.ExitCallBack: Host exited starting callback.
TpTrace Information: 0 : 10488, 11, 2024/04/15, 10:14:15.951, 1936078024, vstest.console.dll, TestHostManagerCallbacks.ExitCallBack: Testhost processId: 8436 exited with exitcode: 0 error: ''
TpTrace Verbose: 0 : 10488, 11, 2024/04/15, 10:14:15.951, 1936078357, vstest.console.dll, DotnetTestHostManager.OnHostExited: invoking OnHostExited callback
TpTrace Verbose: 0 : 10488, 11, 2024/04/15, 10:14:15.951, 1936078677, vstest.console.dll, CrossPlatEngine.TestHostManagerHostExited: calling on client process exit callback.
TpTrace Information: 0 : 10488, 11, 2024/04/15, 10:14:15.951, 1936079025, vstest.console.dll, TestRequestSender.OnClientProcessExit: Test host process exited. Standard error: 
TpTrace Information: 0 : 10488, 11, 2024/04/15, 10:14:15.951, 1936079263, vstest.console.dll, SocketServer.Stop: Stop server endPoint: 127.0.0.1:59003
TpTrace Information: 0 : 10488, 13, 2024/04/15, 10:14:15.951, 1936079310, vstest.console.dll, SocketServer.Stop: Stop server endPoint: 127.0.0.1:59003
TpTrace Information: 0 : 10488, 11, 2024/04/15, 10:14:15.951, 1936079398, vstest.console.dll, SocketServer.Stop: Cancellation requested. Stopping message loop.
TpTrace Information: 0 : 10488, 13, 2024/04/15, 10:14:15.951, 1936079770, vstest.console.dll, SocketServer.Stop: Cancellation requested. Stopping message loop.
TpTrace Information: 0 : 10488, 13, 2024/04/15, 10:14:15.951, 1936080340, vstest.console.dll, Closing the connection
TpTrace Verbose: 0 : 10488, 11, 2024/04/15, 10:14:15.951, 1936080458, vstest.console.dll, MulticastDelegateUtilities.SafeInvoke: HostProviderEvents.OnHostExited: Invoking callback 1/1 for Microsoft.VisualStudio.TestPlatform.CrossPlatEngine.Client.ProxyOperationManager., took 0 ms.
TpTrace Verbose: 0 : 10488, 13, 2024/04/15, 10:14:15.951, 1936081964, vstest.console.dll, ProxyDataCollectionManager.InvokeDataCollectionServiceAction: Starting.
TpTrace Information: 0 : 10488, 13, 2024/04/15, 10:14:15.951, 1936082253, vstest.console.dll, ProxyDataCollectionManager.AfterTestRunEnd: Get attachment set and invoked data collectors processId: 11628 port: 59000
TpTrace Verbose: 0 : 10488, 13, 2024/04/15, 10:14:15.951, 1936082683, vstest.console.dll, DataCollectionRequestSender.SendAfterTestRunStartAndGetResult: Send AfterTestRunEnd message with isCancelled: False
TpTrace Verbose: 0 : 10488, 13, 2024/04/15, 10:14:15.956, 1936124774, vstest.console.dll, DataCollectionRequestSender.SendAfterTestRunStartAndGetResult: Received message: (DataCollection.AfterTestRunEndResult) -> {"MessageType":"DataCollection.AfterTestRunEndResult","Payload":{"AttachmentSets":[],"InvokedDataCollectors":[{"Uri":"datacollector://Microsoft/TestPlatform/Extensions/Blame/v1","FriendlyName":"Blame","AssemblyQualifiedName":"Microsoft.TestPlatform.Extensions.BlameDataCollector.BlameCollector, Microsoft.TestPlatform.Extensions.BlameDataCollector, Version=15.0.0.0, Culture=neutral, PublicKeyToken=b03f5f7f11d50a3a","FilePath":"C:\\Program Files\\dotnet\\sdk\\8.0.201\\Extensions\\Microsoft.TestPlatform.Extensions.BlameDataCollector.dll","HasAttachmentProcessor":false}],"Metrics":{}}}
TpTrace Information: 0 : 10488, 13, 2024/04/15, 10:14:15.959, 1936162006, vstest.console.dll, ProxyDataCollectionManager.InvokeDataCollectionServiceAction: Completed.
TpTrace Warning: 0 : 10488, 10, 2024/04/15, 10:14:15.967, 1936238302, vstest.console.dll, DataCollectionLauncher.ErrorReceivedCallback datacollector standard error line: 
TpTrace Information: 0 : 10488, 10, 2024/04/15, 10:14:15.970, 1936269104, vstest.console.dll, DataCollectionLauncher.ExitCallBack: Data collector exited with exitcode: 0 error: ''
TpTrace Verbose: 0 : 10488, 13, 2024/04/15, 10:14:16.006, 1936631687, vstest.console.dll, TestRunRequest:SendTestRunStatsChange: Starting.
TpTrace Verbose: 0 : 10488, 13, 2024/04/15, 10:14:16.006, 1936633463, vstest.console.dll, MulticastDelegateUtilities.SafeInvoke: TestRun.RunStatsChanged: Invoking callbacks was skipped because there are no subscribers.
TpTrace Information: 0 : 10488, 13, 2024/04/15, 10:14:16.006, 1936633691, vstest.console.dll, TestRunRequest:SendTestRunStatsChange: Completed.
TpTrace Verbose: 0 : 10488, 13, 2024/04/15, 10:14:16.007, 1936635909, vstest.console.dll, ParallelProxyExecutionManager: HandlePartialRunComplete: Total workloads = 1, Total started clients = 1 Total completed clients = 1, Run complete = True, Run canceled: False.
TpTrace Verbose: 0 : 10488, 13, 2024/04/15, 10:14:16.007, 1936636336, vstest.console.dll, ParallelProxyExecutionManager: HandlePartialRunComplete: All runs completed stopping all managers.
TpTrace Verbose: 0 : 10488, 13, 2024/04/15, 10:14:16.007, 1936636639, vstest.console.dll, ParallelOperationManager.StopAllManagers: Stopping all managers.
TpTrace Verbose: 0 : 10488, 13, 2024/04/15, 10:14:16.007, 1936636819, vstest.console.dll, ParallelOperationManager.ClearSlots: Clearing all slots. Slots should accept more work: False
TpTrace Verbose: 0 : 10488, 13, 2024/04/15, 10:14:16.007, 1936637056, vstest.console.dll, ParallelOperationManager.SetOccupiedSlotCount: Setting slot counts AvailableSlotCount = 3, OccupiedSlotCount = 0.
TpTrace Verbose: 0 : 10488, 13, 2024/04/15, 10:14:16.007, 1936637229, vstest.console.dll, Occupied slots:

TpTrace Verbose: 0 : 10488, 4, 2024/04/15, 10:14:16.008, 1936649651, vstest.console.dll, MulticastDelegateUtilities.SafeInvoke: InternalTestLoggerEvents.SendTestResult: Invoking callback 1/1 for Microsoft.VisualStudio.TestPlatform.CommandLine.Internal.ConsoleLogger., took 1 ms.
TpTrace Verbose: 0 : 10488, 4, 2024/04/15, 10:14:16.008, 1936651662, vstest.console.dll, MulticastDelegateUtilities.SafeInvoke: InternalTestLoggerEvents.SendTestResult: Invoking callback 1/1 for Microsoft.VisualStudio.TestPlatform.CommandLine.Internal.ConsoleLogger., took 0 ms.
TpTrace Verbose: 0 : 10488, 4, 2024/04/15, 10:14:16.008, 1936652098, vstest.console.dll, MulticastDelegateUtilities.SafeInvoke: InternalTestLoggerEvents.SendTestResult: Invoking callback 1/1 for Microsoft.VisualStudio.TestPlatform.CommandLine.Internal.ConsoleLogger., took 0 ms.
TpTrace Verbose: 0 : 10488, 4, 2024/04/15, 10:14:16.012, 1936688108, vstest.console.dll, MulticastDelegateUtilities.SafeInvoke: InternalTestLoggerEvents.SendTestRunComplete: Invoking callback 1/2 for Microsoft.TestPlatform.Extensions.BlameDataCollector.BlameLogger., took 0 ms.
TpTrace Verbose: 0 : 10488, 4, 2024/04/15, 10:14:16.015, 1936719792, vstest.console.dll, MulticastDelegateUtilities.SafeInvoke: InternalTestLoggerEvents.SendTestRunComplete: Invoking callback 2/2 for Microsoft.VisualStudio.TestPlatform.CommandLine.Internal.ConsoleLogger., took 3 ms.
TpTrace Verbose: 0 : 10488, 13, 2024/04/15, 10:14:16.015, 1936721400, vstest.console.dll, TestRunRequest:TestRunComplete: Starting. IsAborted:False IsCanceled:False.
TpTrace Verbose: 0 : 10488, 13, 2024/04/15, 10:14:16.015, 1936722682, vstest.console.dll, ParallelOperationManager.DoActionOnAllManagers: Calling an action on all managers.
TpTrace Verbose: 0 : 10488, 13, 2024/04/15, 10:14:16.016, 1936731272, vstest.console.dll, TestLoggerManager.HandleTestRunComplete: Ignoring as the object is disposed.
TpTrace Verbose: 0 : 10488, 13, 2024/04/15, 10:14:16.016, 1936732389, vstest.console.dll, MulticastDelegateUtilities.SafeInvoke: TestRun.TestRunComplete: Invoking callback 1/2 for Microsoft.VisualStudio.TestPlatform.CommandLine.TestRunResultAggregator., took 0 ms.
TpTrace Verbose: 0 : 10488, 13, 2024/04/15, 10:14:16.016, 1936733151, vstest.console.dll, MulticastDelegateUtilities.SafeInvoke: TestRun.TestRunComplete: Invoking callback 2/2 for Microsoft.VisualStudio.TestPlatform.CommandLine.Processors.RunTestsArgumentExecutor+TestRunRequestEventsRegistrar., took 0 ms.
TpTrace Information: 0 : 10488, 13, 2024/04/15, 10:14:16.016, 1936733742, vstest.console.dll, TestRunRequest:TestRunComplete: Completed.
TpTrace Verbose: 0 : 10488, 13, 2024/04/15, 10:14:16.016, 1936733970, vstest.console.dll, TestRequestSender.SetOperationComplete: Setting operation complete.
TpTrace Verbose: 0 : 10488, 1, 2024/04/15, 10:14:16.016, 1936733954, vstest.console.dll, TestRunRequest.Dispose: Starting.
TpTrace Information: 0 : 10488, 13, 2024/04/15, 10:14:16.016, 1936734193, vstest.console.dll, SocketServer.Stop: Stop server endPoint: 127.0.0.1:59003
TpTrace Information: 0 : 10488, 1, 2024/04/15, 10:14:16.017, 1936734585, vstest.console.dll, TestRunRequest.Dispose: Completed.
TpTrace Information: 0 : 10488, 13, 2024/04/15, 10:14:16.017, 1936734884, vstest.console.dll, SocketServer.Stop: Cancellation requested. Stopping message loop.
TpTrace Information: 0 : 10488, 1, 2024/04/15, 10:14:16.017, 1936734940, vstest.console.dll, TestRequestManager.RunTests: run tests completed.
TpTrace Verbose: 0 : 10488, 13, 2024/04/15, 10:14:16.017, 1936735176, vstest.console.dll, MulticastDelegateUtilities.SafeInvoke: LengthPrefixCommunicationChannel: MessageReceived: Invoking callback 1/1 for Microsoft.VisualStudio.TestPlatform.CommunicationUtilities.TestRequestSender+<>c__DisplayClass34_0., took 82 ms.
TpTrace Information: 0 : 10488, 1, 2024/04/15, 10:14:16.017, 1936735754, vstest.console.dll, RunTestsArgumentProcessor:Execute: Test run is completed.
TpTrace Information: 0 : 10488, 13, 2024/04/15, 10:14:16.017, 1936735765, vstest.console.dll, SocketServer.PrivateStop: Stopping server endPoint: 127.0.0.1:59003 error: 
TpTrace Verbose: 0 : 10488, 1, 2024/04/15, 10:14:16.017, 1936736980, vstest.console.dll, Executor.Execute: Exiting with exit code of 0
TpTrace Verbose: 0 : 10488, 13, 2024/04/15, 10:14:16.017, 1936738921, vstest.console.dll, LengthPrefixCommunicationChannel.Dispose: Dispose reader and writer.
TpTrace Information: 0 : 10488, 13, 2024/04/15, 10:14:16.017, 1936739447, vstest.console.dll, SocketServer.Stop: Raise disconnected event endPoint: 127.0.0.1:59003 error: 
TpTrace Verbose: 0 : 10488, 13, 2024/04/15, 10:14:16.017, 1936739897, vstest.console.dll, TestRequestSender: OnTestRunAbort: Operation is already complete. Skip error message.
TpTrace Verbose: 0 : 10488, 13, 2024/04/15, 10:14:16.017, 1936740095, vstest.console.dll, MulticastDelegateUtilities.SafeInvoke: SocketServer: ClientDisconnected: Invoking callback 1/1 for Microsoft.VisualStudio.TestPlatform.CommunicationUtilities.TestRequestSender., took 0 ms.
